[2025-09-24 22:56:11,619][__main__][INFO] - All artifacts will be saved to: /Users/msingh361/Uber/Projects/Personal_projects/Vision Transformers (ViT) from scratch/outputs/2025-09-24/22-56-11
[2025-09-24 22:56:11,619][__main__][INFO] - --- Configuration ---
[2025-09-24 22:56:11,620][__main__][INFO] - 
model:
  in_channels: 3
  image_size: 224
  patch_size: 16
  number_of_encoder: 6
  embedding_dims: 256
  d_ff_scale_factor: 4
  heads: 8
  input_dropout_rate: 0.1
  attention_dropout_rate: 0.1
  feed_forward_dropout_rate: 0.1
  number_of_classes: 4
train:
  batch_size: 32
  epochs: 10
  train_dataset_path: dataset_path/tom_and_jerry/subset/train
  test_dataset_path: dataset_path/tom_and_jerry/subset/test

[2025-09-24 22:56:11,620][__main__][INFO] - ---------------------
[2025-09-24 22:56:11,620][__main__][INFO] - Dataset Creation Begin
[2025-09-24 22:56:11,622][__main__][INFO] -  Dataset Created 
[2025-09-24 22:56:11,622][__main__][INFO] - Dataset Classes and Corresponding Labels : {'tom': 0, 'neither_tom_nor_jerry': 1, 'jerry': 2, 'both_tom_and_jerry': 3}
[2025-09-24 22:56:11,622][__main__][INFO] - Verifying consistency between config and dataset...
[2025-09-24 22:56:11,622][__main__][INFO] - ✅ Verification successful.
[2025-09-24 22:56:11,622][__main__][INFO] - Model Creation Begin
[2025-09-24 22:56:11,769][__main__][INFO] - Model Creation Completed.
[2025-09-24 22:56:11,769][__main__][INFO] - --- Model Summary ---
[2025-09-24 22:56:11,945][__main__][INFO] - ===============================================================================================
Layer (type:depth-idx)                        Output Shape              Param #
===============================================================================================
VisionTransformer                             [32, 4]                   --
├─ViTInputLayer: 1-1                          [32, 197, 256]            50,688
│    └─PatchCreation: 2-1                     [32, 196, 256]            --
│    │    └─Conv2d: 3-1                       [32, 256, 14, 14]         196,864
│    └─Dropout: 2-2                           [32, 197, 256]            --
├─Encoder: 1-2                                [32, 197, 256]            --
│    └─ModuleList: 2-3                        --                        --
│    │    └─EncoderBlock: 3-2                 [32, 197, 256]            789,760
│    │    └─EncoderBlock: 3-3                 [32, 197, 256]            789,760
│    │    └─EncoderBlock: 3-4                 [32, 197, 256]            789,760
│    │    └─EncoderBlock: 3-5                 [32, 197, 256]            789,760
│    │    └─EncoderBlock: 3-6                 [32, 197, 256]            789,760
│    │    └─EncoderBlock: 3-7                 [32, 197, 256]            789,760
├─Sequential: 1-3                             [32, 4]                   --
│    └─LayerNorm: 2-4                         [32, 256]                 512
│    └─Linear: 2-5                            [32, 4]                   1,028
===============================================================================================
Total params: 4,987,652
Trainable params: 4,987,652
Non-trainable params: 0
Total mult-adds (G): 1.39
===============================================================================================
Input size (MB): 19.27
Forward/backward pass size (MB): 865.01
Params size (MB): 19.75
Estimated Total Size (MB): 904.03
===============================================================================================
[2025-09-24 22:56:11,947][__main__][INFO] - --------------------
[2025-09-24 22:56:11,947][__main__][INFO] - MODEL TRAINING BEGINS...
[2025-09-24 22:56:16,455][__main__][INFO] - Epoch 1 | train_loss: 1.4640 | train_accuracy: 0.2448 | val_loss: 1.2692 | val_accuracy: 0.5781 | LR: 0.000133
[2025-09-24 22:56:16,516][__main__][INFO] - New best model saved to /Users/msingh361/Uber/Projects/Personal_projects/Vision Transformers (ViT) from scratch/outputs/2025-09-24/22-56-11/best_model.pt , with accuracy : 0.578125
[2025-09-24 22:56:20,335][__main__][INFO] - Epoch 2 | train_loss: 1.4718 | train_accuracy: 0.2422 | val_loss: 1.2757 | val_accuracy: 0.4219 | LR: 0.000267
[2025-09-24 22:56:24,038][__main__][INFO] - Epoch 3 | train_loss: 1.4887 | train_accuracy: 0.2214 | val_loss: 1.2942 | val_accuracy: 0.4062 | LR: 0.000293
[2025-09-24 22:56:27,770][__main__][INFO] - Epoch 4 | train_loss: 1.4222 | train_accuracy: 0.2734 | val_loss: 1.3055 | val_accuracy: 0.3906 | LR: 0.000264
[2025-09-24 22:56:31,452][__main__][INFO] - Epoch 5 | train_loss: 1.4126 | train_accuracy: 0.2578 | val_loss: 1.3680 | val_accuracy: 0.2188 | LR: 0.000216
[2025-09-24 22:56:35,154][__main__][INFO] - Epoch 6 | train_loss: 1.3623 | train_accuracy: 0.2995 | val_loss: 1.2003 | val_accuracy: 0.5312 | LR: 0.000158
[2025-09-24 22:56:38,850][__main__][INFO] - Epoch 7 | train_loss: 1.3809 | train_accuracy: 0.3151 | val_loss: 1.2927 | val_accuracy: 0.5000 | LR: 0.000098
[2025-09-24 22:56:42,568][__main__][INFO] - Epoch 8 | train_loss: 1.3451 | train_accuracy: 0.3385 | val_loss: 1.2509 | val_accuracy: 0.5312 | LR: 0.000047
[2025-09-24 22:56:46,303][__main__][INFO] - Epoch 9 | train_loss: 1.3376 | train_accuracy: 0.3516 | val_loss: 1.2600 | val_accuracy: 0.5000 | LR: 0.000012
[2025-09-24 22:56:49,986][__main__][INFO] - Epoch 10 | train_loss: 1.3475 | train_accuracy: 0.3307 | val_loss: 1.2709 | val_accuracy: 0.5000 | LR: 0.000000
[2025-09-24 22:56:49,986][__main__][INFO] - Storing the training artifacts detials
[2025-09-24 22:56:49,989][__main__][INFO] - WOrking on Training Plots...
[2025-09-24 22:56:50,236][__main__][INFO] - Saved training plot to /Users/msingh361/Uber/Projects/Personal_projects/Vision Transformers (ViT) from scratch/outputs/2025-09-24/22-56-11/training_curves.png
[2025-09-24 22:56:50,237][__main__][INFO] - 😎 Training Completed, details stored in /Users/msingh361/Uber/Projects/Personal_projects/Vision Transformers (ViT) from scratch/outputs/2025-09-24/22-56-11
