[2025-09-24 19:00:43,492][__main__][INFO] - All artifacts will be saved to: /Users/msingh361/Uber/Projects/Personal_projects/Vision Transformers (ViT) from scratch/outputs/2025-09-24/19-00-43
[2025-09-24 19:00:43,492][__main__][INFO] - --- Configuration ---
[2025-09-24 19:00:43,493][__main__][INFO] - 
model:
  in_channels: 3
  image_size: 224
  patch_size: 16
  number_of_encoder: 6
  embedding_dims: 256
  d_ff_scale_factor: 4
  heads: 8
  input_dropout_rate: 0.1
  attention_dropout_rate: 0.1
  feed_forward_dropout_rate: 0.1
  number_of_classes: 4
train:
  batch_size: 32
  epochs: 10
  train_dataset_path: dataset_path/tom_and_jerry/subset/train
  test_dataset_path: dataset_path/tom_and_jerry/subset/test

[2025-09-24 19:00:43,493][__main__][INFO] - ---------------------
[2025-09-24 19:00:43,493][__main__][INFO] - Dataset Creation Begin
[2025-09-24 19:00:43,495][__main__][INFO] -  Dataset Created 
[2025-09-24 19:00:43,495][__main__][INFO] - Dataset Classes and Corresponding Labels : {'tom': 0, 'neither_tom_nor_jerry': 1, 'jerry': 2, 'both_tom_and_jerry': 3}
[2025-09-24 19:00:43,495][__main__][INFO] - Verifying consistency between config and dataset...
[2025-09-24 19:00:43,495][__main__][INFO] - ✅ Verification successful.
[2025-09-24 19:00:43,495][__main__][INFO] - Model Creation Begin
[2025-09-24 19:00:43,631][__main__][INFO] - Model Creation Completed.
[2025-09-24 19:00:43,631][__main__][INFO] - --- Model Summary ---
[2025-09-24 19:00:43,778][__main__][INFO] - ===============================================================================================
Layer (type:depth-idx)                        Output Shape              Param #
===============================================================================================
VisionTransformer                             [32, 4]                   --
├─ViTInputLayer: 1-1                          [32, 197, 256]            50,688
│    └─PatchCreation: 2-1                     [32, 196, 256]            --
│    │    └─Conv2d: 3-1                       [32, 256, 14, 14]         196,864
│    └─Dropout: 2-2                           [32, 197, 256]            --
├─Encoder: 1-2                                [32, 197, 256]            --
│    └─ModuleList: 2-3                        --                        --
│    │    └─EncoderBlock: 3-2                 [32, 197, 256]            789,760
│    │    └─EncoderBlock: 3-3                 [32, 197, 256]            789,760
│    │    └─EncoderBlock: 3-4                 [32, 197, 256]            789,760
│    │    └─EncoderBlock: 3-5                 [32, 197, 256]            789,760
│    │    └─EncoderBlock: 3-6                 [32, 197, 256]            789,760
│    │    └─EncoderBlock: 3-7                 [32, 197, 256]            789,760
├─Sequential: 1-3                             [32, 4]                   --
│    └─LayerNorm: 2-4                         [32, 256]                 512
│    └─Linear: 2-5                            [32, 4]                   1,028
===============================================================================================
Total params: 4,987,652
Trainable params: 4,987,652
Non-trainable params: 0
Total mult-adds (G): 1.39
===============================================================================================
Input size (MB): 19.27
Forward/backward pass size (MB): 865.01
Params size (MB): 19.75
Estimated Total Size (MB): 904.03
===============================================================================================
[2025-09-24 19:00:43,780][__main__][INFO] - --------------------
[2025-09-24 19:00:43,780][__main__][INFO] - MODEL TRAINING BEGINS...
[2025-09-24 19:00:48,050][__main__][INFO] - Epoch 1 | train_loss: 1.4483 | train_accuracy: 0.2318 | val_loss: 1.3542 | val_accuracy: 0.3594 | LR: 0.000133
[2025-09-24 19:00:51,718][__main__][INFO] - Epoch 2 | train_loss: 1.4442 | train_accuracy: 0.2656 | val_loss: 1.3383 | val_accuracy: 0.3281 | LR: 0.000267
[2025-09-24 19:00:55,434][__main__][INFO] - Epoch 3 | train_loss: 1.5020 | train_accuracy: 0.2682 | val_loss: 1.2380 | val_accuracy: 0.5312 | LR: 0.000293
[2025-09-24 19:00:59,103][__main__][INFO] - Epoch 4 | train_loss: 1.4703 | train_accuracy: 0.2344 | val_loss: 1.2315 | val_accuracy: 0.5312 | LR: 0.000264
[2025-09-24 19:01:02,797][__main__][INFO] - Epoch 5 | train_loss: 1.4716 | train_accuracy: 0.2760 | val_loss: 1.6889 | val_accuracy: 0.1875 | LR: 0.000216
[2025-09-24 19:01:06,499][__main__][INFO] - Epoch 6 | train_loss: 1.4183 | train_accuracy: 0.2552 | val_loss: 1.2445 | val_accuracy: 0.5312 | LR: 0.000158
[2025-09-24 19:01:10,165][__main__][INFO] - Epoch 7 | train_loss: 1.3854 | train_accuracy: 0.2760 | val_loss: 1.5666 | val_accuracy: 0.1562 | LR: 0.000098
[2025-09-24 19:01:13,859][__main__][INFO] - Epoch 8 | train_loss: 1.3961 | train_accuracy: 0.2917 | val_loss: 1.3712 | val_accuracy: 0.3594 | LR: 0.000047
[2025-09-24 19:01:17,550][__main__][INFO] - Epoch 9 | train_loss: 1.3564 | train_accuracy: 0.3516 | val_loss: 1.3332 | val_accuracy: 0.5000 | LR: 0.000012
[2025-09-24 19:01:21,270][__main__][INFO] - Epoch 10 | train_loss: 1.3628 | train_accuracy: 0.3151 | val_loss: 1.3155 | val_accuracy: 0.5156 | LR: 0.000000
[2025-09-24 19:01:21,270][__main__][INFO] - Storing the training artifacts detials
[2025-09-24 19:01:21,275][__main__][INFO] - WOrking on Training Plots...
[2025-09-24 19:01:21,477][__main__][INFO] - Saved training plot to /Users/msingh361/Uber/Projects/Personal_projects/Vision Transformers (ViT) from scratch/outputs/2025-09-24/19-00-43/training_curves.png
