[2025-09-25 00:16:28,293][__main__][INFO] - All artifacts will be saved to: /Users/msingh361/Uber/Projects/Personal_projects/Vision Transformers (ViT) from scratch/multirun/2025-09-25/00-16-28/0
[2025-09-25 00:16:28,293][__main__][INFO] - --- Configuration ---
[2025-09-25 00:16:28,294][__main__][INFO] - 
model:
  in_channels: 3
  image_size: 224
  patch_size: 16
  number_of_encoder: 6
  embedding_dims: 256
  d_ff_scale_factor: 4
  heads: 8
  input_dropout_rate: 0.1
  attention_dropout_rate: 0.1
  feed_forward_dropout_rate: 0.1
  number_of_classes: 4
train:
  batch_size: 32
  epochs: 5
  train_dataset_path: dataset_path/tom_and_jerry/subset/train
  test_dataset_path: dataset_path/tom_and_jerry/subset/test

[2025-09-25 00:16:28,294][__main__][INFO] - ---------------------
[2025-09-25 00:16:28,294][__main__][INFO] - Dataset Creation Begin
[2025-09-25 00:16:28,297][__main__][INFO] -  Dataset Created 
[2025-09-25 00:16:28,297][__main__][INFO] - Dataset Classes and Corresponding Labels : {'tom': 0, 'neither_tom_nor_jerry': 1, 'jerry': 2, 'both_tom_and_jerry': 3}
[2025-09-25 00:16:28,297][__main__][INFO] - Verifying consistency between config and dataset...
[2025-09-25 00:16:28,297][__main__][INFO] - ✅ Verification successful.
[2025-09-25 00:16:28,297][__main__][INFO] - Model Creation Begin
[2025-09-25 00:16:28,444][__main__][INFO] - Model Creation Completed.
[2025-09-25 00:16:28,444][__main__][INFO] - --- Model Summary ---
[2025-09-25 00:16:28,611][__main__][INFO] - ===============================================================================================
Layer (type:depth-idx)                        Output Shape              Param #
===============================================================================================
VisionTransformer                             [32, 4]                   --
├─ViTInputLayer: 1-1                          [32, 197, 256]            50,688
│    └─PatchCreation: 2-1                     [32, 196, 256]            --
│    │    └─Conv2d: 3-1                       [32, 256, 14, 14]         196,864
│    └─Dropout: 2-2                           [32, 197, 256]            --
├─Encoder: 1-2                                [32, 197, 256]            --
│    └─ModuleList: 2-3                        --                        --
│    │    └─EncoderBlock: 3-2                 [32, 197, 256]            789,760
│    │    └─EncoderBlock: 3-3                 [32, 197, 256]            789,760
│    │    └─EncoderBlock: 3-4                 [32, 197, 256]            789,760
│    │    └─EncoderBlock: 3-5                 [32, 197, 256]            789,760
│    │    └─EncoderBlock: 3-6                 [32, 197, 256]            789,760
│    │    └─EncoderBlock: 3-7                 [32, 197, 256]            789,760
├─Sequential: 1-3                             [32, 4]                   --
│    └─LayerNorm: 2-4                         [32, 256]                 512
│    └─Linear: 2-5                            [32, 4]                   1,028
===============================================================================================
Total params: 4,987,652
Trainable params: 4,987,652
Non-trainable params: 0
Total mult-adds (G): 1.39
===============================================================================================
Input size (MB): 19.27
Forward/backward pass size (MB): 865.01
Params size (MB): 19.75
Estimated Total Size (MB): 904.03
===============================================================================================
[2025-09-25 00:16:28,612][__main__][INFO] - --------------------
[2025-09-25 00:16:28,612][__main__][INFO] - MODEL TRAINING BEGINS...
[2025-09-25 00:16:32,923][__main__][INFO] - Epoch 1 | train_loss: 1.4715 | train_accuracy: 0.2396 | val_loss: 1.5198 | val_accuracy: 0.1250 | LR: 0.000277
[2025-09-25 00:16:32,983][__main__][INFO] - New best model saved to /Users/msingh361/Uber/Projects/Personal_projects/Vision Transformers (ViT) from scratch/multirun/2025-09-25/00-16-28/0/best_model.pt , with accuracy : 0.125
[2025-09-25 00:16:36,583][__main__][INFO] - Epoch 2 | train_loss: 1.4360 | train_accuracy: 0.2474 | val_loss: 1.2224 | val_accuracy: 0.4688 | LR: 0.000261
[2025-09-25 00:16:36,629][__main__][INFO] - New best model saved to /Users/msingh361/Uber/Projects/Personal_projects/Vision Transformers (ViT) from scratch/multirun/2025-09-25/00-16-28/0/best_model.pt , with accuracy : 0.46875
[2025-09-25 00:16:40,292][__main__][INFO] - Epoch 3 | train_loss: 1.4365 | train_accuracy: 0.2760 | val_loss: 1.6200 | val_accuracy: 0.1406 | LR: 0.000155
[2025-09-25 00:16:43,958][__main__][INFO] - Epoch 4 | train_loss: 1.4144 | train_accuracy: 0.2917 | val_loss: 1.2534 | val_accuracy: 0.4844 | LR: 0.000046
[2025-09-25 00:16:44,005][__main__][INFO] - New best model saved to /Users/msingh361/Uber/Projects/Personal_projects/Vision Transformers (ViT) from scratch/multirun/2025-09-25/00-16-28/0/best_model.pt , with accuracy : 0.484375
[2025-09-25 00:16:47,906][__main__][INFO] - Epoch 5 | train_loss: 1.3720 | train_accuracy: 0.2891 | val_loss: 1.2955 | val_accuracy: 0.5156 | LR: 0.000000
[2025-09-25 00:16:47,952][__main__][INFO] - New best model saved to /Users/msingh361/Uber/Projects/Personal_projects/Vision Transformers (ViT) from scratch/multirun/2025-09-25/00-16-28/0/best_model.pt , with accuracy : 0.515625
[2025-09-25 00:16:47,953][__main__][INFO] - Storing the training artifacts detials
[2025-09-25 00:16:47,957][__main__][INFO] - WOrking on Training Plots...
[2025-09-25 00:16:48,154][__main__][INFO] - Saved training plot to /Users/msingh361/Uber/Projects/Personal_projects/Vision Transformers (ViT) from scratch/multirun/2025-09-25/00-16-28/0/training_curves.png
[2025-09-25 00:16:48,155][__main__][INFO] - 😎 Training Completed, details stored in /Users/msingh361/Uber/Projects/Personal_projects/Vision Transformers (ViT) from scratch/multirun/2025-09-25/00-16-28/0
