[2025-09-25 22:46:19,613][__main__][INFO] - All artifacts will be saved to: /Users/msingh361/Uber/Projects/Personal_projects/Vision Transformers (ViT) from scratch/multirun/2025-09-25/22-46-19/0
[2025-09-25 22:46:19,613][__main__][INFO] - --- Configuration ---
[2025-09-25 22:46:19,613][__main__][INFO] - 
model:
  in_channels: 3
  image_size: 224
  patch_size: 16
  number_of_encoder: 6
  embedding_dims: 256
  d_ff_scale_factor: 2
  heads: 8
  input_dropout_rate: 0.1
  attention_dropout_rate: 0.1
  feed_forward_dropout_rate: 0.1
  number_of_classes: 4
train:
  batch_size: 32
  epochs: 5
  train_dataset_path: dataset_path/tom_and_jerry/train
  test_dataset_path: dataset_path/tom_and_jerry/test

[2025-09-25 22:46:19,613][__main__][INFO] - ---------------------
[2025-09-25 22:46:19,613][__main__][INFO] - Dataset Creation Begin
[2025-09-25 22:46:19,623][__main__][INFO] -  Dataset Created 
[2025-09-25 22:46:19,623][__main__][INFO] - Dataset Classes and Corresponding Labels : {'tom': 0, 'neither_tom_nor_jerry': 1, 'jerry': 2, 'both_tom_and_jerry': 3}
[2025-09-25 22:46:19,623][__main__][INFO] - Verifying consistency between config and dataset...
[2025-09-25 22:46:19,623][__main__][INFO] - ✅ Verification successful.
[2025-09-25 22:46:19,623][__main__][INFO] - Storing the index vs label mapping for the Current Dataset
[2025-09-25 22:46:19,624][__main__][INFO] - Mapping saved at : /Users/msingh361/Uber/Projects/Personal_projects/Vision Transformers (ViT) from scratch/multirun/2025-09-25/22-46-19/0/class_mapping.json
[2025-09-25 22:46:19,624][__main__][INFO] - Model Creation Begin
[2025-09-25 22:46:19,759][__main__][INFO] - Model Creation Completed.
[2025-09-25 22:46:19,759][__main__][INFO] - --- Model Summary ---
[2025-09-25 22:46:19,915][__main__][INFO] - ===============================================================================================
Layer (type:depth-idx)                        Output Shape              Param #
===============================================================================================
VisionTransformer                             [32, 4]                   --
├─ViTInputLayer: 1-1                          [32, 197, 256]            50,688
│    └─PatchCreation: 2-1                     [32, 196, 256]            --
│    │    └─Conv2d: 3-1                       [32, 256, 14, 14]         196,864
│    └─Dropout: 2-2                           [32, 197, 256]            --
├─Encoder: 1-2                                [32, 197, 256]            --
│    └─ModuleList: 2-3                        --                        --
│    │    └─EncoderBlock: 3-2                 [32, 197, 256]            527,104
│    │    └─EncoderBlock: 3-3                 [32, 197, 256]            527,104
│    │    └─EncoderBlock: 3-4                 [32, 197, 256]            527,104
│    │    └─EncoderBlock: 3-5                 [32, 197, 256]            527,104
│    │    └─EncoderBlock: 3-6                 [32, 197, 256]            527,104
│    │    └─EncoderBlock: 3-7                 [32, 197, 256]            527,104
├─Sequential: 1-3                             [32, 4]                   --
│    └─LayerNorm: 2-4                         [32, 256]                 512
│    └─Linear: 2-5                            [32, 4]                   1,028
===============================================================================================
Total params: 3,411,716
Trainable params: 3,411,716
Non-trainable params: 0
Total mult-adds (G): 1.34
===============================================================================================
Input size (MB): 19.27
Forward/backward pass size (MB): 710.08
Params size (MB): 13.44
Estimated Total Size (MB): 742.80
===============================================================================================
[2025-09-25 22:46:19,916][__main__][INFO] - --------------------
[2025-09-25 22:46:19,917][__main__][INFO] - MODEL TRAINING BEGINS...
[2025-09-25 22:47:05,584][__main__][INFO] - Epoch 1 | train_loss: 1.3731 | train_accuracy: 0.3179 | val_loss: 1.4943 | val_accuracy: 0.3594 | LR: 0.000261
[2025-09-25 22:47:05,634][__main__][INFO] - New best model saved to /Users/msingh361/Uber/Projects/Personal_projects/Vision Transformers (ViT) from scratch/multirun/2025-09-25/22-46-19/0/best_model.pt , with accuracy : 0.359375
[2025-09-25 22:47:50,273][__main__][INFO] - Epoch 2 | train_loss: 1.3304 | train_accuracy: 0.3595 | val_loss: 1.2920 | val_accuracy: 0.3819 | LR: 0.000265
[2025-09-25 22:47:50,312][__main__][INFO] - New best model saved to /Users/msingh361/Uber/Projects/Personal_projects/Vision Transformers (ViT) from scratch/multirun/2025-09-25/22-46-19/0/best_model.pt , with accuracy : 0.3819444444444444
[2025-09-25 22:48:35,543][__main__][INFO] - Epoch 3 | train_loss: 1.1680 | train_accuracy: 0.4921 | val_loss: 1.0047 | val_accuracy: 0.5590 | LR: 0.000159
[2025-09-25 22:48:35,581][__main__][INFO] - New best model saved to /Users/msingh361/Uber/Projects/Personal_projects/Vision Transformers (ViT) from scratch/multirun/2025-09-25/22-46-19/0/best_model.pt , with accuracy : 0.5590277777777778
[2025-09-25 22:49:22,220][__main__][INFO] - Epoch 4 | train_loss: 1.0130 | train_accuracy: 0.5720 | val_loss: 0.8975 | val_accuracy: 0.6024 | LR: 0.000047
[2025-09-25 22:49:22,262][__main__][INFO] - New best model saved to /Users/msingh361/Uber/Projects/Personal_projects/Vision Transformers (ViT) from scratch/multirun/2025-09-25/22-46-19/0/best_model.pt , with accuracy : 0.6024305555555556
[2025-09-25 22:50:08,444][__main__][INFO] - Epoch 5 | train_loss: 0.9520 | train_accuracy: 0.5994 | val_loss: 0.8771 | val_accuracy: 0.6198 | LR: 0.000000
[2025-09-25 22:50:08,482][__main__][INFO] - New best model saved to /Users/msingh361/Uber/Projects/Personal_projects/Vision Transformers (ViT) from scratch/multirun/2025-09-25/22-46-19/0/best_model.pt , with accuracy : 0.6197916666666666
[2025-09-25 22:50:08,482][__main__][INFO] - Storing the training artifacts detials
[2025-09-25 22:50:08,487][__main__][INFO] - WOrking on Training Plots...
[2025-09-25 22:50:08,689][__main__][INFO] - Saved training plot to /Users/msingh361/Uber/Projects/Personal_projects/Vision Transformers (ViT) from scratch/multirun/2025-09-25/22-46-19/0/training_curves.png
[2025-09-25 22:50:08,691][__main__][INFO] - 😎 Training Completed, details stored in /Users/msingh361/Uber/Projects/Personal_projects/Vision Transformers (ViT) from scratch/multirun/2025-09-25/22-46-19/0
