[2025-09-24 12:38:17,357][__main__][INFO] - Current working directory: /Users/msingh361/Uber/Projects/Personal_projects/Vision Transformers (ViT) from scratch
[2025-09-24 12:38:17,358][__main__][INFO] - --- Configuration ---
[2025-09-24 12:38:17,358][__main__][INFO] - 
model:
  in_channels: 3
  image_size: 224
  patch_size: 16
  number_of_encoder: 6
  embedding_dims: 256
  d_ff_scale_factor: 4
  heads: 8
  input_dropout_rate: 0.1
  attention_dropout_rate: 0.1
  feed_forward_dropout_rate: 0.1
  number_of_classes: 4
train:
  batch_size: 32
  epochs: 10
  train_dataset_path: dataset_path/tom_and_jerry/subset/train
  test_dataset_path: dataset_path/tom_and_jerry/subset/test

[2025-09-24 12:38:17,358][__main__][INFO] - ---------------------
[2025-09-24 12:38:17,358][__main__][INFO] - Dataset Creation Begin
[2025-09-24 12:38:17,361][__main__][INFO] -  Dataset Created 
[2025-09-24 12:38:17,361][__main__][INFO] - Dataset Classes and Corresponding Labels : {'tom': 0, 'neither_tom_nor_jerry': 1, 'jerry': 2, 'both_tom_and_jerry': 3}
[2025-09-24 12:38:17,361][__main__][INFO] - Verifying consistency between config and dataset...
[2025-09-24 12:38:17,361][__main__][INFO] - ✅ Verification successful.
[2025-09-24 12:38:17,361][__main__][INFO] - Model Creation Begin
[2025-09-24 12:38:17,464][__main__][INFO] - Model Creation Completed.
