[2025-09-25 00:16:48,206][__main__][INFO] - All artifacts will be saved to: /Users/msingh361/Uber/Projects/Personal_projects/Vision Transformers (ViT) from scratch/multirun/2025-09-25/00-16-28/1
[2025-09-25 00:16:48,206][__main__][INFO] - --- Configuration ---
[2025-09-25 00:16:48,206][__main__][INFO] - 
model:
  in_channels: 3
  image_size: 224
  patch_size: 16
  number_of_encoder: 6
  embedding_dims: 256
  d_ff_scale_factor: 4
  heads: 8
  input_dropout_rate: 0.1
  attention_dropout_rate: 0.1
  feed_forward_dropout_rate: 0.1
  number_of_classes: 4
train:
  batch_size: 32
  epochs: 10
  train_dataset_path: dataset_path/tom_and_jerry/subset/train
  test_dataset_path: dataset_path/tom_and_jerry/subset/test

[2025-09-25 00:16:48,206][__main__][INFO] - ---------------------
[2025-09-25 00:16:48,206][__main__][INFO] - Dataset Creation Begin
[2025-09-25 00:16:48,208][__main__][INFO] -  Dataset Created 
[2025-09-25 00:16:48,208][__main__][INFO] - Dataset Classes and Corresponding Labels : {'tom': 0, 'neither_tom_nor_jerry': 1, 'jerry': 2, 'both_tom_and_jerry': 3}
[2025-09-25 00:16:48,209][__main__][INFO] - Verifying consistency between config and dataset...
[2025-09-25 00:16:48,209][__main__][INFO] - ✅ Verification successful.
[2025-09-25 00:16:48,209][__main__][INFO] - Model Creation Begin
[2025-09-25 00:16:48,302][__main__][INFO] - Model Creation Completed.
[2025-09-25 00:16:48,302][__main__][INFO] - --- Model Summary ---
[2025-09-25 00:16:48,319][__main__][INFO] - ===============================================================================================
Layer (type:depth-idx)                        Output Shape              Param #
===============================================================================================
VisionTransformer                             [32, 4]                   --
├─ViTInputLayer: 1-1                          [32, 197, 256]            50,688
│    └─PatchCreation: 2-1                     [32, 196, 256]            --
│    │    └─Conv2d: 3-1                       [32, 256, 14, 14]         196,864
│    └─Dropout: 2-2                           [32, 197, 256]            --
├─Encoder: 1-2                                [32, 197, 256]            --
│    └─ModuleList: 2-3                        --                        --
│    │    └─EncoderBlock: 3-2                 [32, 197, 256]            789,760
│    │    └─EncoderBlock: 3-3                 [32, 197, 256]            789,760
│    │    └─EncoderBlock: 3-4                 [32, 197, 256]            789,760
│    │    └─EncoderBlock: 3-5                 [32, 197, 256]            789,760
│    │    └─EncoderBlock: 3-6                 [32, 197, 256]            789,760
│    │    └─EncoderBlock: 3-7                 [32, 197, 256]            789,760
├─Sequential: 1-3                             [32, 4]                   --
│    └─LayerNorm: 2-4                         [32, 256]                 512
│    └─Linear: 2-5                            [32, 4]                   1,028
===============================================================================================
Total params: 4,987,652
Trainable params: 4,987,652
Non-trainable params: 0
Total mult-adds (G): 1.39
===============================================================================================
Input size (MB): 19.27
Forward/backward pass size (MB): 865.01
Params size (MB): 19.75
Estimated Total Size (MB): 904.03
===============================================================================================
[2025-09-25 00:16:48,321][__main__][INFO] - --------------------
[2025-09-25 00:16:48,321][__main__][INFO] - MODEL TRAINING BEGINS...
[2025-09-25 00:16:51,905][__main__][INFO] - Epoch 1 | train_loss: 1.5315 | train_accuracy: 0.2630 | val_loss: 1.8269 | val_accuracy: 0.1562 | LR: 0.000133
[2025-09-25 00:16:51,964][__main__][INFO] - New best model saved to /Users/msingh361/Uber/Projects/Personal_projects/Vision Transformers (ViT) from scratch/multirun/2025-09-25/00-16-28/1/best_model.pt , with accuracy : 0.15625
[2025-09-25 00:16:55,551][__main__][INFO] - Epoch 2 | train_loss: 1.4786 | train_accuracy: 0.2448 | val_loss: 1.6007 | val_accuracy: 0.1875 | LR: 0.000267
[2025-09-25 00:16:55,595][__main__][INFO] - New best model saved to /Users/msingh361/Uber/Projects/Personal_projects/Vision Transformers (ViT) from scratch/multirun/2025-09-25/00-16-28/1/best_model.pt , with accuracy : 0.1875
[2025-09-25 00:16:59,189][__main__][INFO] - Epoch 3 | train_loss: 1.4304 | train_accuracy: 0.2734 | val_loss: 1.3581 | val_accuracy: 0.2031 | LR: 0.000293
[2025-09-25 00:16:59,235][__main__][INFO] - New best model saved to /Users/msingh361/Uber/Projects/Personal_projects/Vision Transformers (ViT) from scratch/multirun/2025-09-25/00-16-28/1/best_model.pt , with accuracy : 0.203125
[2025-09-25 00:17:02,842][__main__][INFO] - Epoch 4 | train_loss: 1.4184 | train_accuracy: 0.2604 | val_loss: 1.2582 | val_accuracy: 0.5781 | LR: 0.000264
[2025-09-25 00:17:02,885][__main__][INFO] - New best model saved to /Users/msingh361/Uber/Projects/Personal_projects/Vision Transformers (ViT) from scratch/multirun/2025-09-25/00-16-28/1/best_model.pt , with accuracy : 0.578125
[2025-09-25 00:17:06,456][__main__][INFO] - Epoch 5 | train_loss: 1.4216 | train_accuracy: 0.2578 | val_loss: 1.4054 | val_accuracy: 0.1406 | LR: 0.000216
[2025-09-25 00:17:10,074][__main__][INFO] - Epoch 6 | train_loss: 1.3748 | train_accuracy: 0.3021 | val_loss: 1.2912 | val_accuracy: 0.5781 | LR: 0.000158
[2025-09-25 00:17:13,578][__main__][INFO] - Epoch 7 | train_loss: 1.3759 | train_accuracy: 0.2917 | val_loss: 1.3390 | val_accuracy: 0.3750 | LR: 0.000098
[2025-09-25 00:17:17,050][__main__][INFO] - Epoch 8 | train_loss: 1.3747 | train_accuracy: 0.3021 | val_loss: 1.3440 | val_accuracy: 0.5469 | LR: 0.000047
[2025-09-25 00:17:20,515][__main__][INFO] - Epoch 9 | train_loss: 1.3441 | train_accuracy: 0.3490 | val_loss: 1.2737 | val_accuracy: 0.4844 | LR: 0.000012
[2025-09-25 00:17:24,005][__main__][INFO] - Epoch 10 | train_loss: 1.3186 | train_accuracy: 0.4141 | val_loss: 1.2772 | val_accuracy: 0.5156 | LR: 0.000000
[2025-09-25 00:17:24,005][__main__][INFO] - Storing the training artifacts detials
[2025-09-25 00:17:24,006][__main__][INFO] - WOrking on Training Plots...
[2025-09-25 00:17:24,092][__main__][INFO] - Saved training plot to /Users/msingh361/Uber/Projects/Personal_projects/Vision Transformers (ViT) from scratch/multirun/2025-09-25/00-16-28/1/training_curves.png
[2025-09-25 00:17:24,093][__main__][INFO] - 😎 Training Completed, details stored in /Users/msingh361/Uber/Projects/Personal_projects/Vision Transformers (ViT) from scratch/multirun/2025-09-25/00-16-28/1
