[2025-09-25 21:04:19,423][__main__][INFO] - All artifacts will be saved to: /Users/msingh361/Uber/Projects/Personal_projects/Vision Transformers (ViT) from scratch/outputs/2025-09-25/21-04-19
[2025-09-25 21:04:19,423][__main__][INFO] - --- Configuration ---
[2025-09-25 21:04:19,424][__main__][INFO] - 
model:
  in_channels: 3
  image_size: 224
  patch_size: 16
  number_of_encoder: 6
  embedding_dims: 256
  d_ff_scale_factor: 4
  heads: 8
  input_dropout_rate: 0.1
  attention_dropout_rate: 0.1
  feed_forward_dropout_rate: 0.1
  number_of_classes: 4
train:
  batch_size: 32
  epochs: 100
  train_dataset_path: dataset_path/tom_and_jerry/train
  test_dataset_path: dataset_path/tom_and_jerry/test

[2025-09-25 21:04:19,424][__main__][INFO] - ---------------------
[2025-09-25 21:04:19,424][__main__][INFO] - Dataset Creation Begin
[2025-09-25 21:04:19,434][__main__][INFO] -  Dataset Created 
[2025-09-25 21:04:19,434][__main__][INFO] - Dataset Classes and Corresponding Labels : {'tom': 0, 'neither_tom_nor_jerry': 1, 'jerry': 2, 'both_tom_and_jerry': 3}
[2025-09-25 21:04:19,434][__main__][INFO] - Verifying consistency between config and dataset...
[2025-09-25 21:04:19,434][__main__][INFO] - ✅ Verification successful.
[2025-09-25 21:04:19,434][__main__][INFO] - Storing the index vs label mapping for the Current Dataset
[2025-09-25 21:04:19,434][__main__][INFO] - Mapping saved at : /Users/msingh361/Uber/Projects/Personal_projects/Vision Transformers (ViT) from scratch/outputs/2025-09-25/21-04-19/class_mapping.json
[2025-09-25 21:04:19,434][__main__][INFO] - Model Creation Begin
[2025-09-25 21:04:19,572][__main__][INFO] - Model Creation Completed.
[2025-09-25 21:04:19,573][__main__][INFO] - --- Model Summary ---
[2025-09-25 21:04:19,725][__main__][INFO] - ===============================================================================================
Layer (type:depth-idx)                        Output Shape              Param #
===============================================================================================
VisionTransformer                             [32, 4]                   --
├─ViTInputLayer: 1-1                          [32, 197, 256]            50,688
│    └─PatchCreation: 2-1                     [32, 196, 256]            --
│    │    └─Conv2d: 3-1                       [32, 256, 14, 14]         196,864
│    └─Dropout: 2-2                           [32, 197, 256]            --
├─Encoder: 1-2                                [32, 197, 256]            --
│    └─ModuleList: 2-3                        --                        --
│    │    └─EncoderBlock: 3-2                 [32, 197, 256]            789,760
│    │    └─EncoderBlock: 3-3                 [32, 197, 256]            789,760
│    │    └─EncoderBlock: 3-4                 [32, 197, 256]            789,760
│    │    └─EncoderBlock: 3-5                 [32, 197, 256]            789,760
│    │    └─EncoderBlock: 3-6                 [32, 197, 256]            789,760
│    │    └─EncoderBlock: 3-7                 [32, 197, 256]            789,760
├─Sequential: 1-3                             [32, 4]                   --
│    └─LayerNorm: 2-4                         [32, 256]                 512
│    └─Linear: 2-5                            [32, 4]                   1,028
===============================================================================================
Total params: 4,987,652
Trainable params: 4,987,652
Non-trainable params: 0
Total mult-adds (G): 1.39
===============================================================================================
Input size (MB): 19.27
Forward/backward pass size (MB): 865.01
Params size (MB): 19.75
Estimated Total Size (MB): 904.03
===============================================================================================
[2025-09-25 21:04:19,726][__main__][INFO] - --------------------
[2025-09-25 21:04:19,726][__main__][INFO] - MODEL TRAINING BEGINS...
[2025-09-25 21:05:08,888][__main__][INFO] - Epoch 1 | train_loss: 1.3526 | train_accuracy: 0.3397 | val_loss: 1.3618 | val_accuracy: 0.3385 | LR: 0.000013
[2025-09-25 21:05:08,952][__main__][INFO] - New best model saved to /Users/msingh361/Uber/Projects/Personal_projects/Vision Transformers (ViT) from scratch/outputs/2025-09-25/21-04-19/best_model.pt , with accuracy : 0.3385416666666667
[2025-09-25 21:05:58,797][__main__][INFO] - Epoch 2 | train_loss: 1.3441 | train_accuracy: 0.3446 | val_loss: 1.3672 | val_accuracy: 0.3368 | LR: 0.000026
[2025-09-25 21:06:48,600][__main__][INFO] - Epoch 3 | train_loss: 1.3350 | train_accuracy: 0.3510 | val_loss: 1.3465 | val_accuracy: 0.3524 | LR: 0.000039
[2025-09-25 21:06:48,648][__main__][INFO] - New best model saved to /Users/msingh361/Uber/Projects/Personal_projects/Vision Transformers (ViT) from scratch/outputs/2025-09-25/21-04-19/best_model.pt , with accuracy : 0.3524305555555556
[2025-09-25 21:07:39,893][__main__][INFO] - Epoch 4 | train_loss: 1.3372 | train_accuracy: 0.3532 | val_loss: 1.3263 | val_accuracy: 0.3681 | LR: 0.000052
[2025-09-25 21:07:39,938][__main__][INFO] - New best model saved to /Users/msingh361/Uber/Projects/Personal_projects/Vision Transformers (ViT) from scratch/outputs/2025-09-25/21-04-19/best_model.pt , with accuracy : 0.3680555555555556
[2025-09-25 21:08:29,511][__main__][INFO] - Epoch 5 | train_loss: 1.3069 | train_accuracy: 0.3772 | val_loss: 1.3114 | val_accuracy: 0.3802 | LR: 0.000065
[2025-09-25 21:08:29,560][__main__][INFO] - New best model saved to /Users/msingh361/Uber/Projects/Personal_projects/Vision Transformers (ViT) from scratch/outputs/2025-09-25/21-04-19/best_model.pt , with accuracy : 0.3802083333333333
[2025-09-25 21:09:19,145][__main__][INFO] - Epoch 6 | train_loss: 1.2712 | train_accuracy: 0.4155 | val_loss: 1.1691 | val_accuracy: 0.5174 | LR: 0.000078
[2025-09-25 21:09:19,197][__main__][INFO] - New best model saved to /Users/msingh361/Uber/Projects/Personal_projects/Vision Transformers (ViT) from scratch/outputs/2025-09-25/21-04-19/best_model.pt , with accuracy : 0.5173611111111112
[2025-09-25 21:10:08,675][__main__][INFO] - Epoch 7 | train_loss: 1.1189 | train_accuracy: 0.5179 | val_loss: 1.0412 | val_accuracy: 0.5174 | LR: 0.000091
[2025-09-25 21:10:56,621][__main__][INFO] - Epoch 8 | train_loss: 1.0340 | train_accuracy: 0.5558 | val_loss: 0.9446 | val_accuracy: 0.5660 | LR: 0.000104
[2025-09-25 21:10:56,672][__main__][INFO] - New best model saved to /Users/msingh361/Uber/Projects/Personal_projects/Vision Transformers (ViT) from scratch/outputs/2025-09-25/21-04-19/best_model.pt , with accuracy : 0.5659722222222222
[2025-09-25 21:11:44,123][__main__][INFO] - Epoch 9 | train_loss: 0.9890 | train_accuracy: 0.5829 | val_loss: 0.9289 | val_accuracy: 0.6267 | LR: 0.000117
[2025-09-25 21:11:44,177][__main__][INFO] - New best model saved to /Users/msingh361/Uber/Projects/Personal_projects/Vision Transformers (ViT) from scratch/outputs/2025-09-25/21-04-19/best_model.pt , with accuracy : 0.6267361111111112
[2025-09-25 21:12:31,214][__main__][INFO] - Epoch 10 | train_loss: 0.9512 | train_accuracy: 0.6091 | val_loss: 0.8675 | val_accuracy: 0.6528 | LR: 0.000130
[2025-09-25 21:12:31,265][__main__][INFO] - New best model saved to /Users/msingh361/Uber/Projects/Personal_projects/Vision Transformers (ViT) from scratch/outputs/2025-09-25/21-04-19/best_model.pt , with accuracy : 0.6527777777777778
[2025-09-25 21:13:18,305][__main__][INFO] - Epoch 11 | train_loss: 0.9054 | train_accuracy: 0.6256 | val_loss: 0.8313 | val_accuracy: 0.6667 | LR: 0.000143
[2025-09-25 21:13:18,356][__main__][INFO] - New best model saved to /Users/msingh361/Uber/Projects/Personal_projects/Vision Transformers (ViT) from scratch/outputs/2025-09-25/21-04-19/best_model.pt , with accuracy : 0.6666666666666666
[2025-09-25 21:14:06,277][__main__][INFO] - Epoch 12 | train_loss: 0.8909 | train_accuracy: 0.6341 | val_loss: 0.9496 | val_accuracy: 0.6354 | LR: 0.000157
[2025-09-25 21:14:53,265][__main__][INFO] - Epoch 13 | train_loss: 0.8592 | train_accuracy: 0.6567 | val_loss: 0.7801 | val_accuracy: 0.7083 | LR: 0.000170
[2025-09-25 21:14:53,320][__main__][INFO] - New best model saved to /Users/msingh361/Uber/Projects/Personal_projects/Vision Transformers (ViT) from scratch/outputs/2025-09-25/21-04-19/best_model.pt , with accuracy : 0.7083333333333334
[2025-09-25 21:15:40,324][__main__][INFO] - Epoch 14 | train_loss: 0.8499 | train_accuracy: 0.6639 | val_loss: 0.7935 | val_accuracy: 0.7083 | LR: 0.000183
[2025-09-25 21:16:27,258][__main__][INFO] - Epoch 15 | train_loss: 0.8250 | train_accuracy: 0.6746 | val_loss: 0.7808 | val_accuracy: 0.7031 | LR: 0.000196
[2025-09-25 21:17:14,166][__main__][INFO] - Epoch 16 | train_loss: 0.8129 | train_accuracy: 0.6716 | val_loss: 0.8440 | val_accuracy: 0.6719 | LR: 0.000209
[2025-09-25 21:18:01,188][__main__][INFO] - Epoch 17 | train_loss: 0.7925 | train_accuracy: 0.6825 | val_loss: 0.7079 | val_accuracy: 0.7205 | LR: 0.000222
[2025-09-25 21:18:01,240][__main__][INFO] - New best model saved to /Users/msingh361/Uber/Projects/Personal_projects/Vision Transformers (ViT) from scratch/outputs/2025-09-25/21-04-19/best_model.pt , with accuracy : 0.7204861111111112
[2025-09-25 21:18:48,250][__main__][INFO] - Epoch 18 | train_loss: 0.7747 | train_accuracy: 0.6863 | val_loss: 0.7105 | val_accuracy: 0.7448 | LR: 0.000235
[2025-09-25 21:18:48,301][__main__][INFO] - New best model saved to /Users/msingh361/Uber/Projects/Personal_projects/Vision Transformers (ViT) from scratch/outputs/2025-09-25/21-04-19/best_model.pt , with accuracy : 0.7447916666666666
[2025-09-25 21:19:37,713][__main__][INFO] - Epoch 19 | train_loss: 0.7824 | train_accuracy: 0.6859 | val_loss: 0.7641 | val_accuracy: 0.7049 | LR: 0.000248
[2025-09-25 21:20:26,416][__main__][INFO] - Epoch 20 | train_loss: 0.7715 | train_accuracy: 0.6889 | val_loss: 0.6644 | val_accuracy: 0.7361 | LR: 0.000261
[2025-09-25 21:21:14,540][__main__][INFO] - Epoch 21 | train_loss: 0.7317 | train_accuracy: 0.7087 | val_loss: 0.7103 | val_accuracy: 0.7240 | LR: 0.000274
[2025-09-25 21:22:02,788][__main__][INFO] - Epoch 22 | train_loss: 0.7481 | train_accuracy: 0.7002 | val_loss: 0.7673 | val_accuracy: 0.7014 | LR: 0.000287
[2025-09-25 21:22:51,231][__main__][INFO] - Epoch 23 | train_loss: 0.7150 | train_accuracy: 0.7135 | val_loss: 0.7390 | val_accuracy: 0.7240 | LR: 0.000300
[2025-09-25 21:23:39,286][__main__][INFO] - Epoch 24 | train_loss: 0.7243 | train_accuracy: 0.7137 | val_loss: 0.6570 | val_accuracy: 0.7639 | LR: 0.000300
[2025-09-25 21:23:39,337][__main__][INFO] - New best model saved to /Users/msingh361/Uber/Projects/Personal_projects/Vision Transformers (ViT) from scratch/outputs/2025-09-25/21-04-19/best_model.pt , with accuracy : 0.7638888888888888
[2025-09-25 21:24:26,377][__main__][INFO] - Epoch 25 | train_loss: 0.6876 | train_accuracy: 0.7341 | val_loss: 0.6272 | val_accuracy: 0.7396 | LR: 0.000300
[2025-09-25 21:25:13,666][__main__][INFO] - Epoch 26 | train_loss: 0.6748 | train_accuracy: 0.7306 | val_loss: 0.6427 | val_accuracy: 0.7587 | LR: 0.000299
[2025-09-25 21:26:00,550][__main__][INFO] - Epoch 27 | train_loss: 0.6528 | train_accuracy: 0.7446 | val_loss: 0.6103 | val_accuracy: 0.7622 | LR: 0.000298
[2025-09-25 21:26:47,458][__main__][INFO] - Epoch 28 | train_loss: 0.6531 | train_accuracy: 0.7504 | val_loss: 0.5926 | val_accuracy: 0.7552 | LR: 0.000297
[2025-09-25 21:27:34,352][__main__][INFO] - Epoch 29 | train_loss: 0.6517 | train_accuracy: 0.7365 | val_loss: 0.5911 | val_accuracy: 0.7500 | LR: 0.000296
[2025-09-25 21:28:21,318][__main__][INFO] - Epoch 30 | train_loss: 0.6366 | train_accuracy: 0.7518 | val_loss: 0.6504 | val_accuracy: 0.7448 | LR: 0.000294
[2025-09-25 21:29:08,398][__main__][INFO] - Epoch 31 | train_loss: 0.6220 | train_accuracy: 0.7569 | val_loss: 0.5192 | val_accuracy: 0.8142 | LR: 0.000292
[2025-09-25 21:29:08,450][__main__][INFO] - New best model saved to /Users/msingh361/Uber/Projects/Personal_projects/Vision Transformers (ViT) from scratch/outputs/2025-09-25/21-04-19/best_model.pt , with accuracy : 0.8142361111111112
[2025-09-25 21:29:56,152][__main__][INFO] - Epoch 32 | train_loss: 0.6232 | train_accuracy: 0.7550 | val_loss: 0.5878 | val_accuracy: 0.8021 | LR: 0.000290
[2025-09-25 21:30:43,177][__main__][INFO] - Epoch 33 | train_loss: 0.5944 | train_accuracy: 0.7669 | val_loss: 0.5856 | val_accuracy: 0.7743 | LR: 0.000288
[2025-09-25 21:31:30,118][__main__][INFO] - Epoch 34 | train_loss: 0.5739 | train_accuracy: 0.7784 | val_loss: 0.6662 | val_accuracy: 0.7378 | LR: 0.000285
[2025-09-25 21:32:17,033][__main__][INFO] - Epoch 35 | train_loss: 0.5682 | train_accuracy: 0.7806 | val_loss: 0.6044 | val_accuracy: 0.7674 | LR: 0.000282
[2025-09-25 21:33:03,999][__main__][INFO] - Epoch 36 | train_loss: 0.5696 | train_accuracy: 0.7750 | val_loss: 0.5184 | val_accuracy: 0.8056 | LR: 0.000279
[2025-09-25 21:33:50,884][__main__][INFO] - Epoch 37 | train_loss: 0.5386 | train_accuracy: 0.7897 | val_loss: 0.4975 | val_accuracy: 0.7934 | LR: 0.000276
[2025-09-25 21:34:37,872][__main__][INFO] - Epoch 38 | train_loss: 0.5556 | train_accuracy: 0.7855 | val_loss: 0.4782 | val_accuracy: 0.8229 | LR: 0.000273
[2025-09-25 21:34:37,916][__main__][INFO] - New best model saved to /Users/msingh361/Uber/Projects/Personal_projects/Vision Transformers (ViT) from scratch/outputs/2025-09-25/21-04-19/best_model.pt , with accuracy : 0.8229166666666666
[2025-09-25 21:35:24,767][__main__][INFO] - Epoch 39 | train_loss: 0.5342 | train_accuracy: 0.7935 | val_loss: 0.5637 | val_accuracy: 0.7986 | LR: 0.000269
[2025-09-25 21:36:11,647][__main__][INFO] - Epoch 40 | train_loss: 0.5243 | train_accuracy: 0.7968 | val_loss: 0.5051 | val_accuracy: 0.8247 | LR: 0.000265
[2025-09-25 21:36:11,693][__main__][INFO] - New best model saved to /Users/msingh361/Uber/Projects/Personal_projects/Vision Transformers (ViT) from scratch/outputs/2025-09-25/21-04-19/best_model.pt , with accuracy : 0.8246527777777778
[2025-09-25 21:36:58,582][__main__][INFO] - Epoch 41 | train_loss: 0.5119 | train_accuracy: 0.8030 | val_loss: 0.4592 | val_accuracy: 0.8264 | LR: 0.000261
[2025-09-25 21:36:58,629][__main__][INFO] - New best model saved to /Users/msingh361/Uber/Projects/Personal_projects/Vision Transformers (ViT) from scratch/outputs/2025-09-25/21-04-19/best_model.pt , with accuracy : 0.8263888888888888
[2025-09-25 21:37:45,489][__main__][INFO] - Epoch 42 | train_loss: 0.5232 | train_accuracy: 0.7960 | val_loss: 0.4568 | val_accuracy: 0.8351 | LR: 0.000257
[2025-09-25 21:37:45,534][__main__][INFO] - New best model saved to /Users/msingh361/Uber/Projects/Personal_projects/Vision Transformers (ViT) from scratch/outputs/2025-09-25/21-04-19/best_model.pt , with accuracy : 0.8350694444444444
[2025-09-25 21:38:32,401][__main__][INFO] - Epoch 43 | train_loss: 0.4932 | train_accuracy: 0.8103 | val_loss: 0.5033 | val_accuracy: 0.8281 | LR: 0.000253
[2025-09-25 21:39:19,560][__main__][INFO] - Epoch 44 | train_loss: 0.5086 | train_accuracy: 0.8014 | val_loss: 0.4237 | val_accuracy: 0.8472 | LR: 0.000248
[2025-09-25 21:39:19,612][__main__][INFO] - New best model saved to /Users/msingh361/Uber/Projects/Personal_projects/Vision Transformers (ViT) from scratch/outputs/2025-09-25/21-04-19/best_model.pt , with accuracy : 0.8472222222222222
[2025-09-25 21:40:06,530][__main__][INFO] - Epoch 45 | train_loss: 0.4889 | train_accuracy: 0.8101 | val_loss: 0.4356 | val_accuracy: 0.8455 | LR: 0.000244
[2025-09-25 21:40:53,434][__main__][INFO] - Epoch 46 | train_loss: 0.4754 | train_accuracy: 0.8179 | val_loss: 0.5063 | val_accuracy: 0.8281 | LR: 0.000239
[2025-09-25 21:41:40,371][__main__][INFO] - Epoch 47 | train_loss: 0.4622 | train_accuracy: 0.8202 | val_loss: 0.5553 | val_accuracy: 0.8142 | LR: 0.000234
[2025-09-25 21:42:27,357][__main__][INFO] - Epoch 48 | train_loss: 0.4615 | train_accuracy: 0.8153 | val_loss: 0.4610 | val_accuracy: 0.8316 | LR: 0.000229
[2025-09-25 21:43:14,155][__main__][INFO] - Epoch 49 | train_loss: 0.4724 | train_accuracy: 0.8147 | val_loss: 0.4290 | val_accuracy: 0.8316 | LR: 0.000223
[2025-09-25 21:44:01,064][__main__][INFO] - Epoch 50 | train_loss: 0.4497 | train_accuracy: 0.8319 | val_loss: 0.4183 | val_accuracy: 0.8247 | LR: 0.000218
[2025-09-25 21:44:48,065][__main__][INFO] - Epoch 51 | train_loss: 0.4400 | train_accuracy: 0.8208 | val_loss: 0.4981 | val_accuracy: 0.8368 | LR: 0.000212
[2025-09-25 21:45:34,966][__main__][INFO] - Epoch 52 | train_loss: 0.4323 | train_accuracy: 0.8319 | val_loss: 0.6015 | val_accuracy: 0.7899 | LR: 0.000207
[2025-09-25 21:46:21,973][__main__][INFO] - Epoch 53 | train_loss: 0.4349 | train_accuracy: 0.8319 | val_loss: 0.4427 | val_accuracy: 0.8420 | LR: 0.000201
[2025-09-25 21:47:08,898][__main__][INFO] - Epoch 54 | train_loss: 0.4203 | train_accuracy: 0.8419 | val_loss: 0.3878 | val_accuracy: 0.8611 | LR: 0.000195
[2025-09-25 21:47:08,950][__main__][INFO] - New best model saved to /Users/msingh361/Uber/Projects/Personal_projects/Vision Transformers (ViT) from scratch/outputs/2025-09-25/21-04-19/best_model.pt , with accuracy : 0.8611111111111112
[2025-09-25 21:47:55,956][__main__][INFO] - Epoch 55 | train_loss: 0.3981 | train_accuracy: 0.8470 | val_loss: 0.4600 | val_accuracy: 0.8403 | LR: 0.000189
[2025-09-25 21:48:42,951][__main__][INFO] - Epoch 56 | train_loss: 0.3967 | train_accuracy: 0.8462 | val_loss: 0.4033 | val_accuracy: 0.8542 | LR: 0.000183
[2025-09-25 21:49:29,884][__main__][INFO] - Epoch 57 | train_loss: 0.4240 | train_accuracy: 0.8347 | val_loss: 0.4238 | val_accuracy: 0.8420 | LR: 0.000177
[2025-09-25 21:50:16,799][__main__][INFO] - Epoch 58 | train_loss: 0.3886 | train_accuracy: 0.8581 | val_loss: 0.3836 | val_accuracy: 0.8524 | LR: 0.000171
[2025-09-25 21:51:03,658][__main__][INFO] - Epoch 59 | train_loss: 0.3806 | train_accuracy: 0.8542 | val_loss: 0.4395 | val_accuracy: 0.8438 | LR: 0.000165
[2025-09-25 21:51:50,567][__main__][INFO] - Epoch 60 | train_loss: 0.3773 | train_accuracy: 0.8538 | val_loss: 0.4373 | val_accuracy: 0.8385 | LR: 0.000159
[2025-09-25 21:52:37,574][__main__][INFO] - Epoch 61 | train_loss: 0.3689 | train_accuracy: 0.8595 | val_loss: 0.4352 | val_accuracy: 0.8351 | LR: 0.000153
[2025-09-25 21:53:24,516][__main__][INFO] - Epoch 62 | train_loss: 0.3687 | train_accuracy: 0.8573 | val_loss: 0.4484 | val_accuracy: 0.8403 | LR: 0.000147
[2025-09-25 21:54:11,462][__main__][INFO] - Epoch 63 | train_loss: 0.3520 | train_accuracy: 0.8661 | val_loss: 0.4089 | val_accuracy: 0.8507 | LR: 0.000141
[2025-09-25 21:54:58,405][__main__][INFO] - Epoch 64 | train_loss: 0.3475 | train_accuracy: 0.8671 | val_loss: 0.3737 | val_accuracy: 0.8628 | LR: 0.000135
[2025-09-25 21:54:58,449][__main__][INFO] - New best model saved to /Users/msingh361/Uber/Projects/Personal_projects/Vision Transformers (ViT) from scratch/outputs/2025-09-25/21-04-19/best_model.pt , with accuracy : 0.8628472222222222
[2025-09-25 21:55:45,324][__main__][INFO] - Epoch 65 | train_loss: 0.3452 | train_accuracy: 0.8718 | val_loss: 0.4134 | val_accuracy: 0.8420 | LR: 0.000129
[2025-09-25 21:56:32,258][__main__][INFO] - Epoch 66 | train_loss: 0.3366 | train_accuracy: 0.8710 | val_loss: 0.4200 | val_accuracy: 0.8733 | LR: 0.000123
[2025-09-25 21:56:32,303][__main__][INFO] - New best model saved to /Users/msingh361/Uber/Projects/Personal_projects/Vision Transformers (ViT) from scratch/outputs/2025-09-25/21-04-19/best_model.pt , with accuracy : 0.8732638888888888
[2025-09-25 21:57:19,209][__main__][INFO] - Epoch 67 | train_loss: 0.3231 | train_accuracy: 0.8740 | val_loss: 0.4019 | val_accuracy: 0.8594 | LR: 0.000117
[2025-09-25 21:58:06,067][__main__][INFO] - Epoch 68 | train_loss: 0.3331 | train_accuracy: 0.8762 | val_loss: 0.4082 | val_accuracy: 0.8368 | LR: 0.000111
[2025-09-25 21:58:52,958][__main__][INFO] - Epoch 69 | train_loss: 0.3350 | train_accuracy: 0.8754 | val_loss: 0.4164 | val_accuracy: 0.8524 | LR: 0.000105
[2025-09-25 21:59:39,864][__main__][INFO] - Epoch 70 | train_loss: 0.2985 | train_accuracy: 0.8885 | val_loss: 0.4044 | val_accuracy: 0.8576 | LR: 0.000099
[2025-09-25 22:00:26,807][__main__][INFO] - Epoch 71 | train_loss: 0.3095 | train_accuracy: 0.8849 | val_loss: 0.3820 | val_accuracy: 0.8576 | LR: 0.000093
[2025-09-25 22:01:13,776][__main__][INFO] - Epoch 72 | train_loss: 0.3071 | train_accuracy: 0.8861 | val_loss: 0.3948 | val_accuracy: 0.8490 | LR: 0.000088
[2025-09-25 22:02:00,682][__main__][INFO] - Epoch 73 | train_loss: 0.2941 | train_accuracy: 0.8877 | val_loss: 0.4085 | val_accuracy: 0.8507 | LR: 0.000082
[2025-09-25 22:02:47,952][__main__][INFO] - Epoch 74 | train_loss: 0.2962 | train_accuracy: 0.8845 | val_loss: 0.3961 | val_accuracy: 0.8646 | LR: 0.000077
[2025-09-25 22:03:34,976][__main__][INFO] - Epoch 75 | train_loss: 0.3069 | train_accuracy: 0.8841 | val_loss: 0.3609 | val_accuracy: 0.8750 | LR: 0.000071
[2025-09-25 22:03:35,023][__main__][INFO] - New best model saved to /Users/msingh361/Uber/Projects/Personal_projects/Vision Transformers (ViT) from scratch/outputs/2025-09-25/21-04-19/best_model.pt , with accuracy : 0.875
[2025-09-25 22:04:21,917][__main__][INFO] - Epoch 76 | train_loss: 0.2914 | train_accuracy: 0.8911 | val_loss: 0.3971 | val_accuracy: 0.8455 | LR: 0.000066
[2025-09-25 22:05:08,901][__main__][INFO] - Epoch 77 | train_loss: 0.3037 | train_accuracy: 0.8863 | val_loss: 0.3672 | val_accuracy: 0.8507 | LR: 0.000061
[2025-09-25 22:05:55,708][__main__][INFO] - Epoch 78 | train_loss: 0.2820 | train_accuracy: 0.8921 | val_loss: 0.3316 | val_accuracy: 0.8854 | LR: 0.000056
[2025-09-25 22:05:55,754][__main__][INFO] - New best model saved to /Users/msingh361/Uber/Projects/Personal_projects/Vision Transformers (ViT) from scratch/outputs/2025-09-25/21-04-19/best_model.pt , with accuracy : 0.8854166666666666
[2025-09-25 22:06:43,236][__main__][INFO] - Epoch 79 | train_loss: 0.2737 | train_accuracy: 0.8980 | val_loss: 0.3466 | val_accuracy: 0.8837 | LR: 0.000052
[2025-09-25 22:07:30,109][__main__][INFO] - Epoch 80 | train_loss: 0.2694 | train_accuracy: 0.8944 | val_loss: 0.3381 | val_accuracy: 0.8733 | LR: 0.000047
[2025-09-25 22:08:17,125][__main__][INFO] - Epoch 81 | train_loss: 0.2714 | train_accuracy: 0.8980 | val_loss: 0.3570 | val_accuracy: 0.8663 | LR: 0.000043
[2025-09-25 22:09:03,964][__main__][INFO] - Epoch 82 | train_loss: 0.2767 | train_accuracy: 0.8980 | val_loss: 0.3710 | val_accuracy: 0.8576 | LR: 0.000039
[2025-09-25 22:09:50,917][__main__][INFO] - Epoch 83 | train_loss: 0.2642 | train_accuracy: 0.9006 | val_loss: 0.3595 | val_accuracy: 0.8611 | LR: 0.000035
[2025-09-25 22:10:37,734][__main__][INFO] - Epoch 84 | train_loss: 0.2537 | train_accuracy: 0.9107 | val_loss: 0.3587 | val_accuracy: 0.8646 | LR: 0.000031
[2025-09-25 22:11:24,676][__main__][INFO] - Epoch 85 | train_loss: 0.2418 | train_accuracy: 0.9097 | val_loss: 0.3783 | val_accuracy: 0.8472 | LR: 0.000027
[2025-09-25 22:12:11,616][__main__][INFO] - Epoch 86 | train_loss: 0.2348 | train_accuracy: 0.9121 | val_loss: 0.3618 | val_accuracy: 0.8681 | LR: 0.000024
[2025-09-25 22:12:58,564][__main__][INFO] - Epoch 87 | train_loss: 0.2493 | train_accuracy: 0.9073 | val_loss: 0.3585 | val_accuracy: 0.8733 | LR: 0.000021
[2025-09-25 22:13:45,584][__main__][INFO] - Epoch 88 | train_loss: 0.2616 | train_accuracy: 0.9062 | val_loss: 0.3533 | val_accuracy: 0.8611 | LR: 0.000018
[2025-09-25 22:14:32,506][__main__][INFO] - Epoch 89 | train_loss: 0.2328 | train_accuracy: 0.9153 | val_loss: 0.3592 | val_accuracy: 0.8698 | LR: 0.000015
[2025-09-25 22:15:19,293][__main__][INFO] - Epoch 90 | train_loss: 0.2336 | train_accuracy: 0.9155 | val_loss: 0.3632 | val_accuracy: 0.8628 | LR: 0.000012
[2025-09-25 22:16:06,151][__main__][INFO] - Epoch 91 | train_loss: 0.2319 | train_accuracy: 0.9167 | val_loss: 0.3498 | val_accuracy: 0.8785 | LR: 0.000010
[2025-09-25 22:16:53,025][__main__][INFO] - Epoch 92 | train_loss: 0.2286 | train_accuracy: 0.9131 | val_loss: 0.3573 | val_accuracy: 0.8837 | LR: 0.000008
[2025-09-25 22:17:40,373][__main__][INFO] - Epoch 93 | train_loss: 0.2450 | train_accuracy: 0.9105 | val_loss: 0.3488 | val_accuracy: 0.8785 | LR: 0.000006
[2025-09-25 22:18:27,795][__main__][INFO] - Epoch 94 | train_loss: 0.2358 | train_accuracy: 0.9079 | val_loss: 0.3512 | val_accuracy: 0.8837 | LR: 0.000004
[2025-09-25 22:19:14,802][__main__][INFO] - Epoch 95 | train_loss: 0.2494 | train_accuracy: 0.9073 | val_loss: 0.3483 | val_accuracy: 0.8837 | LR: 0.000003
[2025-09-25 22:20:01,738][__main__][INFO] - Epoch 96 | train_loss: 0.2317 | train_accuracy: 0.9155 | val_loss: 0.3526 | val_accuracy: 0.8819 | LR: 0.000002
[2025-09-25 22:20:48,726][__main__][INFO] - Epoch 97 | train_loss: 0.2156 | train_accuracy: 0.9218 | val_loss: 0.3539 | val_accuracy: 0.8785 | LR: 0.000001
[2025-09-25 22:21:35,621][__main__][INFO] - Epoch 98 | train_loss: 0.2461 | train_accuracy: 0.9157 | val_loss: 0.3518 | val_accuracy: 0.8802 | LR: 0.000000
[2025-09-25 22:22:22,471][__main__][INFO] - Epoch 99 | train_loss: 0.2475 | train_accuracy: 0.9083 | val_loss: 0.3522 | val_accuracy: 0.8802 | LR: 0.000000
[2025-09-25 22:23:09,729][__main__][INFO] - Epoch 100 | train_loss: 0.2288 | train_accuracy: 0.9115 | val_loss: 0.3524 | val_accuracy: 0.8802 | LR: 0.000000
[2025-09-25 22:23:09,729][__main__][INFO] - Storing the training artifacts detials
[2025-09-25 22:23:09,736][__main__][INFO] - WOrking on Training Plots...
[2025-09-25 22:23:09,934][__main__][INFO] - Saved training plot to /Users/msingh361/Uber/Projects/Personal_projects/Vision Transformers (ViT) from scratch/outputs/2025-09-25/21-04-19/training_curves.png
[2025-09-25 22:23:09,949][__main__][INFO] - 😎 Training Completed, details stored in /Users/msingh361/Uber/Projects/Personal_projects/Vision Transformers (ViT) from scratch/outputs/2025-09-25/21-04-19
