[2025-09-25 22:54:07,345][__main__][INFO] - All artifacts will be saved to: /Users/msingh361/Uber/Projects/Personal_projects/Vision Transformers (ViT) from scratch/multirun/2025-09-25/22-46-19/2
[2025-09-25 22:54:07,345][__main__][INFO] - --- Configuration ---
[2025-09-25 22:54:07,346][__main__][INFO] - 
model:
  in_channels: 3
  image_size: 224
  patch_size: 16
  number_of_encoder: 6
  embedding_dims: 256
  d_ff_scale_factor: 2
  heads: 8
  input_dropout_rate: 0.1
  attention_dropout_rate: 0.1
  feed_forward_dropout_rate: 0.1
  number_of_classes: 4
train:
  batch_size: 32
  epochs: 10
  train_dataset_path: dataset_path/tom_and_jerry/train
  test_dataset_path: dataset_path/tom_and_jerry/test

[2025-09-25 22:54:07,346][__main__][INFO] - ---------------------
[2025-09-25 22:54:07,346][__main__][INFO] - Dataset Creation Begin
[2025-09-25 22:54:07,356][__main__][INFO] -  Dataset Created 
[2025-09-25 22:54:07,356][__main__][INFO] - Dataset Classes and Corresponding Labels : {'tom': 0, 'neither_tom_nor_jerry': 1, 'jerry': 2, 'both_tom_and_jerry': 3}
[2025-09-25 22:54:07,356][__main__][INFO] - Verifying consistency between config and dataset...
[2025-09-25 22:54:07,356][__main__][INFO] - ✅ Verification successful.
[2025-09-25 22:54:07,356][__main__][INFO] - Storing the index vs label mapping for the Current Dataset
[2025-09-25 22:54:07,356][__main__][INFO] - Mapping saved at : /Users/msingh361/Uber/Projects/Personal_projects/Vision Transformers (ViT) from scratch/multirun/2025-09-25/22-46-19/2/class_mapping.json
[2025-09-25 22:54:07,356][__main__][INFO] - Model Creation Begin
[2025-09-25 22:54:07,443][__main__][INFO] - Model Creation Completed.
[2025-09-25 22:54:07,444][__main__][INFO] - --- Model Summary ---
[2025-09-25 22:54:07,461][__main__][INFO] - ===============================================================================================
Layer (type:depth-idx)                        Output Shape              Param #
===============================================================================================
VisionTransformer                             [32, 4]                   --
├─ViTInputLayer: 1-1                          [32, 197, 256]            50,688
│    └─PatchCreation: 2-1                     [32, 196, 256]            --
│    │    └─Conv2d: 3-1                       [32, 256, 14, 14]         196,864
│    └─Dropout: 2-2                           [32, 197, 256]            --
├─Encoder: 1-2                                [32, 197, 256]            --
│    └─ModuleList: 2-3                        --                        --
│    │    └─EncoderBlock: 3-2                 [32, 197, 256]            527,104
│    │    └─EncoderBlock: 3-3                 [32, 197, 256]            527,104
│    │    └─EncoderBlock: 3-4                 [32, 197, 256]            527,104
│    │    └─EncoderBlock: 3-5                 [32, 197, 256]            527,104
│    │    └─EncoderBlock: 3-6                 [32, 197, 256]            527,104
│    │    └─EncoderBlock: 3-7                 [32, 197, 256]            527,104
├─Sequential: 1-3                             [32, 4]                   --
│    └─LayerNorm: 2-4                         [32, 256]                 512
│    └─Linear: 2-5                            [32, 4]                   1,028
===============================================================================================
Total params: 3,411,716
Trainable params: 3,411,716
Non-trainable params: 0
Total mult-adds (G): 1.34
===============================================================================================
Input size (MB): 19.27
Forward/backward pass size (MB): 710.08
Params size (MB): 13.44
Estimated Total Size (MB): 742.80
===============================================================================================
[2025-09-25 22:54:07,462][__main__][INFO] - --------------------
[2025-09-25 22:54:07,462][__main__][INFO] - MODEL TRAINING BEGINS...
[2025-09-25 22:54:52,700][__main__][INFO] - Epoch 1 | train_loss: 1.3543 | train_accuracy: 0.3395 | val_loss: 1.3471 | val_accuracy: 0.3472 | LR: 0.000131
[2025-09-25 22:54:52,749][__main__][INFO] - New best model saved to /Users/msingh361/Uber/Projects/Personal_projects/Vision Transformers (ViT) from scratch/multirun/2025-09-25/22-46-19/2/best_model.pt , with accuracy : 0.3472222222222222
[2025-09-25 22:55:38,197][__main__][INFO] - Epoch 2 | train_loss: 1.3431 | train_accuracy: 0.3431 | val_loss: 1.3202 | val_accuracy: 0.3837 | LR: 0.000261
[2025-09-25 22:55:38,238][__main__][INFO] - New best model saved to /Users/msingh361/Uber/Projects/Personal_projects/Vision Transformers (ViT) from scratch/multirun/2025-09-25/22-46-19/2/best_model.pt , with accuracy : 0.3836805555555556
[2025-09-25 22:56:22,888][__main__][INFO] - Epoch 3 | train_loss: 1.2247 | train_accuracy: 0.4379 | val_loss: 1.0993 | val_accuracy: 0.4757 | LR: 0.000294
[2025-09-25 22:56:22,928][__main__][INFO] - New best model saved to /Users/msingh361/Uber/Projects/Personal_projects/Vision Transformers (ViT) from scratch/multirun/2025-09-25/22-46-19/2/best_model.pt , with accuracy : 0.4756944444444444
[2025-09-25 22:57:07,555][__main__][INFO] - Epoch 4 | train_loss: 1.0910 | train_accuracy: 0.5248 | val_loss: 0.9837 | val_accuracy: 0.5625 | LR: 0.000265
[2025-09-25 22:57:07,595][__main__][INFO] - New best model saved to /Users/msingh361/Uber/Projects/Personal_projects/Vision Transformers (ViT) from scratch/multirun/2025-09-25/22-46-19/2/best_model.pt , with accuracy : 0.5625
[2025-09-25 22:57:52,360][__main__][INFO] - Epoch 5 | train_loss: 0.9890 | train_accuracy: 0.5696 | val_loss: 0.9539 | val_accuracy: 0.5816 | LR: 0.000218
[2025-09-25 22:57:52,400][__main__][INFO] - New best model saved to /Users/msingh361/Uber/Projects/Personal_projects/Vision Transformers (ViT) from scratch/multirun/2025-09-25/22-46-19/2/best_model.pt , with accuracy : 0.5815972222222222
[2025-09-25 22:58:37,002][__main__][INFO] - Epoch 6 | train_loss: 0.9266 | train_accuracy: 0.6135 | val_loss: 0.8822 | val_accuracy: 0.6337 | LR: 0.000159
[2025-09-25 22:58:37,040][__main__][INFO] - New best model saved to /Users/msingh361/Uber/Projects/Personal_projects/Vision Transformers (ViT) from scratch/multirun/2025-09-25/22-46-19/2/best_model.pt , with accuracy : 0.6336805555555556
[2025-09-25 22:59:21,776][__main__][INFO] - Epoch 7 | train_loss: 0.8488 | train_accuracy: 0.6458 | val_loss: 0.7990 | val_accuracy: 0.6684 | LR: 0.000099
[2025-09-25 22:59:21,816][__main__][INFO] - New best model saved to /Users/msingh361/Uber/Projects/Personal_projects/Vision Transformers (ViT) from scratch/multirun/2025-09-25/22-46-19/2/best_model.pt , with accuracy : 0.6684027777777778
[2025-09-25 23:00:06,465][__main__][INFO] - Epoch 8 | train_loss: 0.8102 | train_accuracy: 0.6605 | val_loss: 0.7302 | val_accuracy: 0.7188 | LR: 0.000047
[2025-09-25 23:00:06,503][__main__][INFO] - New best model saved to /Users/msingh361/Uber/Projects/Personal_projects/Vision Transformers (ViT) from scratch/multirun/2025-09-25/22-46-19/2/best_model.pt , with accuracy : 0.71875
[2025-09-25 23:00:51,866][__main__][INFO] - Epoch 9 | train_loss: 0.7687 | train_accuracy: 0.6889 | val_loss: 0.7286 | val_accuracy: 0.7274 | LR: 0.000012
[2025-09-25 23:00:51,907][__main__][INFO] - New best model saved to /Users/msingh361/Uber/Projects/Personal_projects/Vision Transformers (ViT) from scratch/multirun/2025-09-25/22-46-19/2/best_model.pt , with accuracy : 0.7274305555555556
[2025-09-25 23:01:36,691][__main__][INFO] - Epoch 10 | train_loss: 0.7457 | train_accuracy: 0.6956 | val_loss: 0.7146 | val_accuracy: 0.7309 | LR: 0.000000
[2025-09-25 23:01:36,732][__main__][INFO] - New best model saved to /Users/msingh361/Uber/Projects/Personal_projects/Vision Transformers (ViT) from scratch/multirun/2025-09-25/22-46-19/2/best_model.pt , with accuracy : 0.7309027777777778
[2025-09-25 23:01:36,732][__main__][INFO] - Storing the training artifacts detials
[2025-09-25 23:01:36,733][__main__][INFO] - WOrking on Training Plots...
[2025-09-25 23:01:36,823][__main__][INFO] - Saved training plot to /Users/msingh361/Uber/Projects/Personal_projects/Vision Transformers (ViT) from scratch/multirun/2025-09-25/22-46-19/2/training_curves.png
[2025-09-25 23:01:36,826][__main__][INFO] - 😎 Training Completed, details stored in /Users/msingh361/Uber/Projects/Personal_projects/Vision Transformers (ViT) from scratch/multirun/2025-09-25/22-46-19/2
