[2025-09-24 12:46:44,439][__main__][INFO] - Current working directory: /Users/msingh361/Uber/Projects/Personal_projects/Vision Transformers (ViT) from scratch
[2025-09-24 12:46:44,439][__main__][INFO] - --- Configuration ---
[2025-09-24 12:46:44,439][__main__][INFO] - 
model:
  in_channels: 3
  image_size: 224
  patch_size: 16
  number_of_encoder: 6
  embedding_dims: 256
  d_ff_scale_factor: 4
  heads: 8
  input_dropout_rate: 0.1
  attention_dropout_rate: 0.1
  feed_forward_dropout_rate: 0.1
  number_of_classes: 4
train:
  batch_size: 32
  epochs: 10
  train_dataset_path: dataset_path/tom_and_jerry/subset/train
  test_dataset_path: dataset_path/tom_and_jerry/subset/test

[2025-09-24 12:46:44,439][__main__][INFO] - ---------------------
[2025-09-24 12:46:44,439][__main__][INFO] - Dataset Creation Begin
[2025-09-24 12:46:44,442][__main__][INFO] -  Dataset Created 
[2025-09-24 12:46:44,442][__main__][INFO] - Dataset Classes and Corresponding Labels : {'tom': 0, 'neither_tom_nor_jerry': 1, 'jerry': 2, 'both_tom_and_jerry': 3}
[2025-09-24 12:46:44,442][__main__][INFO] - Verifying consistency between config and dataset...
[2025-09-24 12:46:44,442][__main__][INFO] - ✅ Verification successful.
[2025-09-24 12:46:44,442][__main__][INFO] - Model Creation Begin
[2025-09-24 12:46:44,584][__main__][INFO] - Model Creation Completed.
[2025-09-24 12:46:44,775][__main__][INFO] - --- Model Summary ---
[2025-09-24 12:46:44,792][__main__][INFO] - ===============================================================================================
Layer (type:depth-idx)                        Output Shape              Param #
===============================================================================================
VisionTransformer                             [32, 4]                   --
├─ViTInputLayer: 1-1                          [32, 197, 256]            50,688
│    └─PatchCreation: 2-1                     [32, 196, 256]            --
│    │    └─Conv2d: 3-1                       [32, 256, 14, 14]         196,864
│    └─Dropout: 2-2                           [32, 197, 256]            --
├─Encoder: 1-2                                [32, 197, 256]            --
│    └─ModuleList: 2-3                        --                        --
│    │    └─EncoderBlock: 3-2                 [32, 197, 256]            789,760
│    │    └─EncoderBlock: 3-3                 [32, 197, 256]            789,760
│    │    └─EncoderBlock: 3-4                 [32, 197, 256]            789,760
│    │    └─EncoderBlock: 3-5                 [32, 197, 256]            789,760
│    │    └─EncoderBlock: 3-6                 [32, 197, 256]            789,760
│    │    └─EncoderBlock: 3-7                 [32, 197, 256]            789,760
├─Sequential: 1-3                             [32, 4]                   --
│    └─LayerNorm: 2-4                         [32, 256]                 512
│    └─Linear: 2-5                            [32, 4]                   1,028
===============================================================================================
Total params: 4,987,652
Trainable params: 4,987,652
Non-trainable params: 0
Total mult-adds (G): 1.39
===============================================================================================
Input size (MB): 19.27
Forward/backward pass size (MB): 865.01
Params size (MB): 19.75
Estimated Total Size (MB): 904.03
===============================================================================================
[2025-09-24 12:46:44,793][__main__][INFO] - --------------------
[2025-09-24 12:46:44,794][__main__][INFO] - MODEL TRAINING BEGINS...
[2025-09-24 12:46:49,519][__main__][INFO] - Epoch 1 | train_loss: 1.4883 | train_accuracy: 0.2292 | val_loss: 1.2551 | val_accuracy: 0.5312 | LR: 0.000133
[2025-09-24 12:46:53,200][__main__][INFO] - Epoch 2 | train_loss: 1.5035 | train_accuracy: 0.2135 | val_loss: 1.2472 | val_accuracy: 0.5469 | LR: 0.000267
[2025-09-24 12:46:56,854][__main__][INFO] - Epoch 3 | train_loss: 1.4371 | train_accuracy: 0.2786 | val_loss: 1.2919 | val_accuracy: 0.5000 | LR: 0.000293
[2025-09-24 12:47:00,508][__main__][INFO] - Epoch 4 | train_loss: 1.4319 | train_accuracy: 0.2786 | val_loss: 1.2809 | val_accuracy: 0.5469 | LR: 0.000264
[2025-09-24 12:47:04,200][__main__][INFO] - Epoch 5 | train_loss: 1.4268 | train_accuracy: 0.2422 | val_loss: 1.3148 | val_accuracy: 0.4219 | LR: 0.000216
[2025-09-24 12:47:07,955][__main__][INFO] - Epoch 6 | train_loss: 1.3858 | train_accuracy: 0.2995 | val_loss: 1.3723 | val_accuracy: 0.5000 | LR: 0.000158
[2025-09-24 12:47:11,649][__main__][INFO] - Epoch 7 | train_loss: 1.3757 | train_accuracy: 0.3047 | val_loss: 1.3829 | val_accuracy: 0.3281 | LR: 0.000098
