[2025-09-25 22:50:08,744][__main__][INFO] - All artifacts will be saved to: /Users/msingh361/Uber/Projects/Personal_projects/Vision Transformers (ViT) from scratch/multirun/2025-09-25/22-46-19/1
[2025-09-25 22:50:08,745][__main__][INFO] - --- Configuration ---
[2025-09-25 22:50:08,745][__main__][INFO] - 
model:
  in_channels: 3
  image_size: 224
  patch_size: 16
  number_of_encoder: 6
  embedding_dims: 256
  d_ff_scale_factor: 4
  heads: 8
  input_dropout_rate: 0.1
  attention_dropout_rate: 0.1
  feed_forward_dropout_rate: 0.1
  number_of_classes: 4
train:
  batch_size: 32
  epochs: 5
  train_dataset_path: dataset_path/tom_and_jerry/train
  test_dataset_path: dataset_path/tom_and_jerry/test

[2025-09-25 22:50:08,745][__main__][INFO] - ---------------------
[2025-09-25 22:50:08,745][__main__][INFO] - Dataset Creation Begin
[2025-09-25 22:50:08,755][__main__][INFO] -  Dataset Created 
[2025-09-25 22:50:08,755][__main__][INFO] - Dataset Classes and Corresponding Labels : {'tom': 0, 'neither_tom_nor_jerry': 1, 'jerry': 2, 'both_tom_and_jerry': 3}
[2025-09-25 22:50:08,755][__main__][INFO] - Verifying consistency between config and dataset...
[2025-09-25 22:50:08,755][__main__][INFO] - ✅ Verification successful.
[2025-09-25 22:50:08,755][__main__][INFO] - Storing the index vs label mapping for the Current Dataset
[2025-09-25 22:50:08,755][__main__][INFO] - Mapping saved at : /Users/msingh361/Uber/Projects/Personal_projects/Vision Transformers (ViT) from scratch/multirun/2025-09-25/22-46-19/1/class_mapping.json
[2025-09-25 22:50:08,755][__main__][INFO] - Model Creation Begin
[2025-09-25 22:50:08,851][__main__][INFO] - Model Creation Completed.
[2025-09-25 22:50:08,852][__main__][INFO] - --- Model Summary ---
[2025-09-25 22:50:08,881][__main__][INFO] - ===============================================================================================
Layer (type:depth-idx)                        Output Shape              Param #
===============================================================================================
VisionTransformer                             [32, 4]                   --
├─ViTInputLayer: 1-1                          [32, 197, 256]            50,688
│    └─PatchCreation: 2-1                     [32, 196, 256]            --
│    │    └─Conv2d: 3-1                       [32, 256, 14, 14]         196,864
│    └─Dropout: 2-2                           [32, 197, 256]            --
├─Encoder: 1-2                                [32, 197, 256]            --
│    └─ModuleList: 2-3                        --                        --
│    │    └─EncoderBlock: 3-2                 [32, 197, 256]            789,760
│    │    └─EncoderBlock: 3-3                 [32, 197, 256]            789,760
│    │    └─EncoderBlock: 3-4                 [32, 197, 256]            789,760
│    │    └─EncoderBlock: 3-5                 [32, 197, 256]            789,760
│    │    └─EncoderBlock: 3-6                 [32, 197, 256]            789,760
│    │    └─EncoderBlock: 3-7                 [32, 197, 256]            789,760
├─Sequential: 1-3                             [32, 4]                   --
│    └─LayerNorm: 2-4                         [32, 256]                 512
│    └─Linear: 2-5                            [32, 4]                   1,028
===============================================================================================
Total params: 4,987,652
Trainable params: 4,987,652
Non-trainable params: 0
Total mult-adds (G): 1.39
===============================================================================================
Input size (MB): 19.27
Forward/backward pass size (MB): 865.01
Params size (MB): 19.75
Estimated Total Size (MB): 904.03
===============================================================================================
[2025-09-25 22:50:08,882][__main__][INFO] - --------------------
[2025-09-25 22:50:08,883][__main__][INFO] - MODEL TRAINING BEGINS...
[2025-09-25 22:50:56,992][__main__][INFO] - Epoch 1 | train_loss: 1.3685 | train_accuracy: 0.3379 | val_loss: 1.5513 | val_accuracy: 0.2344 | LR: 0.000261
[2025-09-25 22:50:57,047][__main__][INFO] - New best model saved to /Users/msingh361/Uber/Projects/Personal_projects/Vision Transformers (ViT) from scratch/multirun/2025-09-25/22-46-19/1/best_model.pt , with accuracy : 0.234375
[2025-09-25 22:51:45,398][__main__][INFO] - Epoch 2 | train_loss: 1.3166 | train_accuracy: 0.3758 | val_loss: 1.3083 | val_accuracy: 0.3837 | LR: 0.000265
[2025-09-25 22:51:45,445][__main__][INFO] - New best model saved to /Users/msingh361/Uber/Projects/Personal_projects/Vision Transformers (ViT) from scratch/multirun/2025-09-25/22-46-19/1/best_model.pt , with accuracy : 0.3836805555555556
[2025-09-25 22:52:32,902][__main__][INFO] - Epoch 3 | train_loss: 1.1447 | train_accuracy: 0.4940 | val_loss: 1.0873 | val_accuracy: 0.5243 | LR: 0.000159
[2025-09-25 22:52:32,951][__main__][INFO] - New best model saved to /Users/msingh361/Uber/Projects/Personal_projects/Vision Transformers (ViT) from scratch/multirun/2025-09-25/22-46-19/1/best_model.pt , with accuracy : 0.5243055555555556
[2025-09-25 22:53:20,015][__main__][INFO] - Epoch 4 | train_loss: 0.9940 | train_accuracy: 0.5800 | val_loss: 0.8947 | val_accuracy: 0.5955 | LR: 0.000047
[2025-09-25 22:53:20,063][__main__][INFO] - New best model saved to /Users/msingh361/Uber/Projects/Personal_projects/Vision Transformers (ViT) from scratch/multirun/2025-09-25/22-46-19/1/best_model.pt , with accuracy : 0.5954861111111112
[2025-09-25 22:54:07,088][__main__][INFO] - Epoch 5 | train_loss: 0.9497 | train_accuracy: 0.5990 | val_loss: 0.8614 | val_accuracy: 0.6302 | LR: 0.000000
[2025-09-25 22:54:07,135][__main__][INFO] - New best model saved to /Users/msingh361/Uber/Projects/Personal_projects/Vision Transformers (ViT) from scratch/multirun/2025-09-25/22-46-19/1/best_model.pt , with accuracy : 0.6302083333333334
[2025-09-25 22:54:07,135][__main__][INFO] - Storing the training artifacts detials
[2025-09-25 22:54:07,136][__main__][INFO] - WOrking on Training Plots...
[2025-09-25 22:54:07,293][__main__][INFO] - Saved training plot to /Users/msingh361/Uber/Projects/Personal_projects/Vision Transformers (ViT) from scratch/multirun/2025-09-25/22-46-19/1/training_curves.png
[2025-09-25 22:54:07,295][__main__][INFO] - 😎 Training Completed, details stored in /Users/msingh361/Uber/Projects/Personal_projects/Vision Transformers (ViT) from scratch/multirun/2025-09-25/22-46-19/1
