[2025-09-25 19:48:46,378][__main__][INFO] - All artifacts will be saved to: /Users/msingh361/Uber/Projects/Personal_projects/Vision Transformers (ViT) from scratch/outputs/2025-09-25/19-48-46
[2025-09-25 19:48:46,378][__main__][INFO] - --- Configuration ---
[2025-09-25 19:48:46,378][__main__][INFO] - 
model:
  in_channels: 3
  image_size: 224
  patch_size: 16
  number_of_encoder: 6
  embedding_dims: 256
  d_ff_scale_factor: 4
  heads: 8
  input_dropout_rate: 0.1
  attention_dropout_rate: 0.1
  feed_forward_dropout_rate: 0.1
  number_of_classes: 4
train:
  batch_size: 32
  epochs: 10
  train_dataset_path: dataset_path/tom_and_jerry/subset/train
  test_dataset_path: dataset_path/tom_and_jerry/subset/test

[2025-09-25 19:48:46,378][__main__][INFO] - ---------------------
[2025-09-25 19:48:46,378][__main__][INFO] - Dataset Creation Begin
[2025-09-25 19:48:46,381][__main__][INFO] -  Dataset Created 
[2025-09-25 19:48:46,381][__main__][INFO] - Dataset Classes and Corresponding Labels : {'tom': 0, 'neither_tom_nor_jerry': 1, 'jerry': 2, 'both_tom_and_jerry': 3}
[2025-09-25 19:48:46,381][__main__][INFO] - Verifying consistency between config and dataset...
[2025-09-25 19:48:46,381][__main__][INFO] - ✅ Verification successful.
[2025-09-25 19:48:46,381][__main__][INFO] - Storing the index vs label mapping for the Current Dataset
[2025-09-25 19:48:46,381][__main__][INFO] - Mapping saved at : /Users/msingh361/Uber/Projects/Personal_projects/Vision Transformers (ViT) from scratch/outputs/2025-09-25/19-48-46/class_mapping.json
[2025-09-25 19:48:46,381][__main__][INFO] - Model Creation Begin
[2025-09-25 19:48:46,522][__main__][INFO] - Model Creation Completed.
[2025-09-25 19:48:46,523][__main__][INFO] - --- Model Summary ---
[2025-09-25 19:48:46,678][__main__][INFO] - ===============================================================================================
Layer (type:depth-idx)                        Output Shape              Param #
===============================================================================================
VisionTransformer                             [32, 4]                   --
├─ViTInputLayer: 1-1                          [32, 197, 256]            50,688
│    └─PatchCreation: 2-1                     [32, 196, 256]            --
│    │    └─Conv2d: 3-1                       [32, 256, 14, 14]         196,864
│    └─Dropout: 2-2                           [32, 197, 256]            --
├─Encoder: 1-2                                [32, 197, 256]            --
│    └─ModuleList: 2-3                        --                        --
│    │    └─EncoderBlock: 3-2                 [32, 197, 256]            789,760
│    │    └─EncoderBlock: 3-3                 [32, 197, 256]            789,760
│    │    └─EncoderBlock: 3-4                 [32, 197, 256]            789,760
│    │    └─EncoderBlock: 3-5                 [32, 197, 256]            789,760
│    │    └─EncoderBlock: 3-6                 [32, 197, 256]            789,760
│    │    └─EncoderBlock: 3-7                 [32, 197, 256]            789,760
├─Sequential: 1-3                             [32, 4]                   --
│    └─LayerNorm: 2-4                         [32, 256]                 512
│    └─Linear: 2-5                            [32, 4]                   1,028
===============================================================================================
Total params: 4,987,652
Trainable params: 4,987,652
Non-trainable params: 0
Total mult-adds (G): 1.39
===============================================================================================
Input size (MB): 19.27
Forward/backward pass size (MB): 865.01
Params size (MB): 19.75
Estimated Total Size (MB): 904.03
===============================================================================================
[2025-09-25 19:48:46,679][__main__][INFO] - --------------------
[2025-09-25 19:48:46,679][__main__][INFO] - MODEL TRAINING BEGINS...
[2025-09-25 19:48:50,923][__main__][INFO] - Epoch 1 | train_loss: 1.4727 | train_accuracy: 0.2292 | val_loss: 1.2893 | val_accuracy: 0.5000 | LR: 0.000133
[2025-09-25 19:48:50,986][__main__][INFO] - New best model saved to /Users/msingh361/Uber/Projects/Personal_projects/Vision Transformers (ViT) from scratch/outputs/2025-09-25/19-48-46/best_model.pt , with accuracy : 0.5
[2025-09-25 19:48:54,521][__main__][INFO] - Epoch 2 | train_loss: 1.4124 | train_accuracy: 0.2682 | val_loss: 1.3166 | val_accuracy: 0.4219 | LR: 0.000267
[2025-09-25 19:48:58,046][__main__][INFO] - Epoch 3 | train_loss: 1.4319 | train_accuracy: 0.3047 | val_loss: 1.3079 | val_accuracy: 0.5000 | LR: 0.000293
[2025-09-25 19:49:01,597][__main__][INFO] - Epoch 4 | train_loss: 1.4034 | train_accuracy: 0.2760 | val_loss: 1.2579 | val_accuracy: 0.4688 | LR: 0.000264
[2025-09-25 19:49:05,311][__main__][INFO] - Epoch 5 | train_loss: 1.4028 | train_accuracy: 0.2604 | val_loss: 1.3143 | val_accuracy: 0.4375 | LR: 0.000216
[2025-09-25 19:49:08,828][__main__][INFO] - Epoch 6 | train_loss: 1.3922 | train_accuracy: 0.2682 | val_loss: 1.3437 | val_accuracy: 0.5000 | LR: 0.000158
[2025-09-25 19:49:12,286][__main__][INFO] - Epoch 7 | train_loss: 1.3681 | train_accuracy: 0.2656 | val_loss: 1.3265 | val_accuracy: 0.3438 | LR: 0.000098
[2025-09-25 19:49:15,822][__main__][INFO] - Epoch 8 | train_loss: 1.3700 | train_accuracy: 0.3385 | val_loss: 1.2603 | val_accuracy: 0.5000 | LR: 0.000047
[2025-09-25 19:49:19,307][__main__][INFO] - Epoch 9 | train_loss: 1.3586 | train_accuracy: 0.3776 | val_loss: 1.3151 | val_accuracy: 0.5312 | LR: 0.000012
[2025-09-25 19:49:19,352][__main__][INFO] - New best model saved to /Users/msingh361/Uber/Projects/Personal_projects/Vision Transformers (ViT) from scratch/outputs/2025-09-25/19-48-46/best_model.pt , with accuracy : 0.53125
[2025-09-25 19:49:22,859][__main__][INFO] - Epoch 10 | train_loss: 1.3336 | train_accuracy: 0.3880 | val_loss: 1.3225 | val_accuracy: 0.5625 | LR: 0.000000
[2025-09-25 19:49:22,905][__main__][INFO] - New best model saved to /Users/msingh361/Uber/Projects/Personal_projects/Vision Transformers (ViT) from scratch/outputs/2025-09-25/19-48-46/best_model.pt , with accuracy : 0.5625
[2025-09-25 19:49:22,906][__main__][INFO] - Storing the training artifacts detials
[2025-09-25 19:49:22,910][__main__][INFO] - WOrking on Training Plots...
[2025-09-25 19:49:23,092][__main__][INFO] - Saved training plot to /Users/msingh361/Uber/Projects/Personal_projects/Vision Transformers (ViT) from scratch/outputs/2025-09-25/19-48-46/training_curves.png
[2025-09-25 19:49:23,093][__main__][INFO] - 😎 Training Completed, details stored in /Users/msingh361/Uber/Projects/Personal_projects/Vision Transformers (ViT) from scratch/outputs/2025-09-25/19-48-46
