[2025-09-25 23:01:36,875][__main__][INFO] - All artifacts will be saved to: /Users/msingh361/Uber/Projects/Personal_projects/Vision Transformers (ViT) from scratch/multirun/2025-09-25/22-46-19/3
[2025-09-25 23:01:36,875][__main__][INFO] - --- Configuration ---
[2025-09-25 23:01:36,876][__main__][INFO] - 
model:
  in_channels: 3
  image_size: 224
  patch_size: 16
  number_of_encoder: 6
  embedding_dims: 256
  d_ff_scale_factor: 4
  heads: 8
  input_dropout_rate: 0.1
  attention_dropout_rate: 0.1
  feed_forward_dropout_rate: 0.1
  number_of_classes: 4
train:
  batch_size: 32
  epochs: 10
  train_dataset_path: dataset_path/tom_and_jerry/train
  test_dataset_path: dataset_path/tom_and_jerry/test

[2025-09-25 23:01:36,876][__main__][INFO] - ---------------------
[2025-09-25 23:01:36,876][__main__][INFO] - Dataset Creation Begin
[2025-09-25 23:01:36,885][__main__][INFO] -  Dataset Created 
[2025-09-25 23:01:36,885][__main__][INFO] - Dataset Classes and Corresponding Labels : {'tom': 0, 'neither_tom_nor_jerry': 1, 'jerry': 2, 'both_tom_and_jerry': 3}
[2025-09-25 23:01:36,885][__main__][INFO] - Verifying consistency between config and dataset...
[2025-09-25 23:01:36,885][__main__][INFO] - ✅ Verification successful.
[2025-09-25 23:01:36,885][__main__][INFO] - Storing the index vs label mapping for the Current Dataset
[2025-09-25 23:01:36,885][__main__][INFO] - Mapping saved at : /Users/msingh361/Uber/Projects/Personal_projects/Vision Transformers (ViT) from scratch/multirun/2025-09-25/22-46-19/3/class_mapping.json
[2025-09-25 23:01:36,885][__main__][INFO] - Model Creation Begin
[2025-09-25 23:01:36,981][__main__][INFO] - Model Creation Completed.
[2025-09-25 23:01:36,981][__main__][INFO] - --- Model Summary ---
[2025-09-25 23:01:36,997][__main__][INFO] - ===============================================================================================
Layer (type:depth-idx)                        Output Shape              Param #
===============================================================================================
VisionTransformer                             [32, 4]                   --
├─ViTInputLayer: 1-1                          [32, 197, 256]            50,688
│    └─PatchCreation: 2-1                     [32, 196, 256]            --
│    │    └─Conv2d: 3-1                       [32, 256, 14, 14]         196,864
│    └─Dropout: 2-2                           [32, 197, 256]            --
├─Encoder: 1-2                                [32, 197, 256]            --
│    └─ModuleList: 2-3                        --                        --
│    │    └─EncoderBlock: 3-2                 [32, 197, 256]            789,760
│    │    └─EncoderBlock: 3-3                 [32, 197, 256]            789,760
│    │    └─EncoderBlock: 3-4                 [32, 197, 256]            789,760
│    │    └─EncoderBlock: 3-5                 [32, 197, 256]            789,760
│    │    └─EncoderBlock: 3-6                 [32, 197, 256]            789,760
│    │    └─EncoderBlock: 3-7                 [32, 197, 256]            789,760
├─Sequential: 1-3                             [32, 4]                   --
│    └─LayerNorm: 2-4                         [32, 256]                 512
│    └─Linear: 2-5                            [32, 4]                   1,028
===============================================================================================
Total params: 4,987,652
Trainable params: 4,987,652
Non-trainable params: 0
Total mult-adds (G): 1.39
===============================================================================================
Input size (MB): 19.27
Forward/backward pass size (MB): 865.01
Params size (MB): 19.75
Estimated Total Size (MB): 904.03
===============================================================================================
[2025-09-25 23:01:36,999][__main__][INFO] - --------------------
[2025-09-25 23:01:36,999][__main__][INFO] - MODEL TRAINING BEGINS...
[2025-09-25 23:02:24,021][__main__][INFO] - Epoch 1 | train_loss: 1.3730 | train_accuracy: 0.3329 | val_loss: 1.3765 | val_accuracy: 0.3247 | LR: 0.000131
[2025-09-25 23:02:24,076][__main__][INFO] - New best model saved to /Users/msingh361/Uber/Projects/Personal_projects/Vision Transformers (ViT) from scratch/multirun/2025-09-25/22-46-19/3/best_model.pt , with accuracy : 0.3246527777777778
[2025-09-25 23:03:11,124][__main__][INFO] - Epoch 2 | train_loss: 1.3419 | train_accuracy: 0.3516 | val_loss: 1.3123 | val_accuracy: 0.3767 | LR: 0.000261
[2025-09-25 23:03:11,171][__main__][INFO] - New best model saved to /Users/msingh361/Uber/Projects/Personal_projects/Vision Transformers (ViT) from scratch/multirun/2025-09-25/22-46-19/3/best_model.pt , with accuracy : 0.3767361111111111
[2025-09-25 23:03:58,221][__main__][INFO] - Epoch 3 | train_loss: 1.2290 | train_accuracy: 0.4442 | val_loss: 1.0483 | val_accuracy: 0.5556 | LR: 0.000294
[2025-09-25 23:03:58,268][__main__][INFO] - New best model saved to /Users/msingh361/Uber/Projects/Personal_projects/Vision Transformers (ViT) from scratch/multirun/2025-09-25/22-46-19/3/best_model.pt , with accuracy : 0.5555555555555556
[2025-09-25 23:04:45,304][__main__][INFO] - Epoch 4 | train_loss: 1.0755 | train_accuracy: 0.5423 | val_loss: 1.0536 | val_accuracy: 0.5347 | LR: 0.000265
[2025-09-25 23:05:32,325][__main__][INFO] - Epoch 5 | train_loss: 1.0121 | train_accuracy: 0.5599 | val_loss: 0.9113 | val_accuracy: 0.5938 | LR: 0.000218
[2025-09-25 23:05:32,371][__main__][INFO] - New best model saved to /Users/msingh361/Uber/Projects/Personal_projects/Vision Transformers (ViT) from scratch/multirun/2025-09-25/22-46-19/3/best_model.pt , with accuracy : 0.59375
[2025-09-25 23:06:19,264][__main__][INFO] - Epoch 6 | train_loss: 0.9290 | train_accuracy: 0.6103 | val_loss: 0.8410 | val_accuracy: 0.6406 | LR: 0.000159
[2025-09-25 23:06:19,309][__main__][INFO] - New best model saved to /Users/msingh361/Uber/Projects/Personal_projects/Vision Transformers (ViT) from scratch/multirun/2025-09-25/22-46-19/3/best_model.pt , with accuracy : 0.640625
[2025-09-25 23:07:06,157][__main__][INFO] - Epoch 7 | train_loss: 0.8581 | train_accuracy: 0.6538 | val_loss: 0.7926 | val_accuracy: 0.6840 | LR: 0.000099
[2025-09-25 23:07:06,204][__main__][INFO] - New best model saved to /Users/msingh361/Uber/Projects/Personal_projects/Vision Transformers (ViT) from scratch/multirun/2025-09-25/22-46-19/3/best_model.pt , with accuracy : 0.6840277777777778
[2025-09-25 23:07:53,093][__main__][INFO] - Epoch 8 | train_loss: 0.8030 | train_accuracy: 0.6700 | val_loss: 0.7675 | val_accuracy: 0.7066 | LR: 0.000047
[2025-09-25 23:07:53,138][__main__][INFO] - New best model saved to /Users/msingh361/Uber/Projects/Personal_projects/Vision Transformers (ViT) from scratch/multirun/2025-09-25/22-46-19/3/best_model.pt , with accuracy : 0.7065972222222222
[2025-09-25 23:08:40,066][__main__][INFO] - Epoch 9 | train_loss: 0.7635 | train_accuracy: 0.6972 | val_loss: 0.7465 | val_accuracy: 0.7153 | LR: 0.000012
[2025-09-25 23:08:40,110][__main__][INFO] - New best model saved to /Users/msingh361/Uber/Projects/Personal_projects/Vision Transformers (ViT) from scratch/multirun/2025-09-25/22-46-19/3/best_model.pt , with accuracy : 0.7152777777777778
[2025-09-25 23:09:27,034][__main__][INFO] - Epoch 10 | train_loss: 0.7548 | train_accuracy: 0.7089 | val_loss: 0.7353 | val_accuracy: 0.7170 | LR: 0.000000
[2025-09-25 23:09:27,079][__main__][INFO] - New best model saved to /Users/msingh361/Uber/Projects/Personal_projects/Vision Transformers (ViT) from scratch/multirun/2025-09-25/22-46-19/3/best_model.pt , with accuracy : 0.7170138888888888
[2025-09-25 23:09:27,079][__main__][INFO] - Storing the training artifacts detials
[2025-09-25 23:09:27,080][__main__][INFO] - WOrking on Training Plots...
[2025-09-25 23:09:27,232][__main__][INFO] - Saved training plot to /Users/msingh361/Uber/Projects/Personal_projects/Vision Transformers (ViT) from scratch/multirun/2025-09-25/22-46-19/3/training_curves.png
[2025-09-25 23:09:27,234][__main__][INFO] - 😎 Training Completed, details stored in /Users/msingh361/Uber/Projects/Personal_projects/Vision Transformers (ViT) from scratch/multirun/2025-09-25/22-46-19/3
