[2025-09-24 18:51:10,966][__main__][INFO] - All artifacts will be saved to: /Users/msingh361/Uber/Projects/Personal_projects/Vision Transformers (ViT) from scratch/outputs/2025-09-24/18-51-10
[2025-09-24 18:51:10,966][__main__][INFO] - --- Configuration ---
[2025-09-24 18:51:10,966][__main__][INFO] - 
model:
  in_channels: 3
  image_size: 224
  patch_size: 16
  number_of_encoder: 6
  embedding_dims: 256
  d_ff_scale_factor: 4
  heads: 8
  input_dropout_rate: 0.1
  attention_dropout_rate: 0.1
  feed_forward_dropout_rate: 0.1
  number_of_classes: 4
train:
  batch_size: 32
  epochs: 10
  train_dataset_path: dataset_path/tom_and_jerry/subset/train
  test_dataset_path: dataset_path/tom_and_jerry/subset/test

[2025-09-24 18:51:10,966][__main__][INFO] - ---------------------
[2025-09-24 18:51:10,966][__main__][INFO] - Dataset Creation Begin
[2025-09-24 18:51:10,969][__main__][INFO] -  Dataset Created 
[2025-09-24 18:51:10,969][__main__][INFO] - Dataset Classes and Corresponding Labels : {'tom': 0, 'neither_tom_nor_jerry': 1, 'jerry': 2, 'both_tom_and_jerry': 3}
[2025-09-24 18:51:10,969][__main__][INFO] - Verifying consistency between config and dataset...
[2025-09-24 18:51:10,969][__main__][INFO] - ✅ Verification successful.
[2025-09-24 18:51:10,969][__main__][INFO] - Model Creation Begin
[2025-09-24 18:51:11,123][__main__][INFO] - Model Creation Completed.
[2025-09-24 18:51:11,123][__main__][INFO] - --- Model Summary ---
[2025-09-24 18:51:11,276][__main__][INFO] - ===============================================================================================
Layer (type:depth-idx)                        Output Shape              Param #
===============================================================================================
VisionTransformer                             [32, 4]                   --
├─ViTInputLayer: 1-1                          [32, 197, 256]            50,688
│    └─PatchCreation: 2-1                     [32, 196, 256]            --
│    │    └─Conv2d: 3-1                       [32, 256, 14, 14]         196,864
│    └─Dropout: 2-2                           [32, 197, 256]            --
├─Encoder: 1-2                                [32, 197, 256]            --
│    └─ModuleList: 2-3                        --                        --
│    │    └─EncoderBlock: 3-2                 [32, 197, 256]            789,760
│    │    └─EncoderBlock: 3-3                 [32, 197, 256]            789,760
│    │    └─EncoderBlock: 3-4                 [32, 197, 256]            789,760
│    │    └─EncoderBlock: 3-5                 [32, 197, 256]            789,760
│    │    └─EncoderBlock: 3-6                 [32, 197, 256]            789,760
│    │    └─EncoderBlock: 3-7                 [32, 197, 256]            789,760
├─Sequential: 1-3                             [32, 4]                   --
│    └─LayerNorm: 2-4                         [32, 256]                 512
│    └─Linear: 2-5                            [32, 4]                   1,028
===============================================================================================
Total params: 4,987,652
Trainable params: 4,987,652
Non-trainable params: 0
Total mult-adds (G): 1.39
===============================================================================================
Input size (MB): 19.27
Forward/backward pass size (MB): 865.01
Params size (MB): 19.75
Estimated Total Size (MB): 904.03
===============================================================================================
[2025-09-24 18:51:11,277][__main__][INFO] - --------------------
[2025-09-24 18:51:11,278][__main__][INFO] - MODEL TRAINING BEGINS...
[2025-09-24 18:51:15,612][__main__][INFO] - Epoch 1 | train_loss: 1.4840 | train_accuracy: 0.2318 | val_loss: 1.2584 | val_accuracy: 0.5469 | LR: 0.000133
